TN:
SF:src/App.tsx
FN:22,(anonymous_1)
FNF:1
FNH:0
FNDA:0,(anonymous_1)
DA:1,0
DA:2,0
DA:3,0
DA:4,0
DA:5,0
DA:6,0
DA:7,0
DA:8,0
DA:9,0
DA:10,0
DA:11,0
DA:12,0
DA:13,0
DA:14,0
DA:15,0
DA:16,0
DA:17,0
DA:18,0
DA:20,0
DA:22,0
DA:23,0
DA:50,0
LF:22
LH:0
BRF:0
BRH:0
end_of_record
TN:
SF:src/content/beats/dotProductIntro.ts
FNF:0
FNH:0
DA:9,0
DA:23,0
DA:54,0
LF:3
LH:0
BRF:0
BRH:0
end_of_record
TN:
SF:src/content/beats/lesson-2.1.tsx
FNF:0
FNH:0
DA:8,0
LF:1
LH:0
BRF:0
BRH:0
end_of_record
TN:
SF:src/content/beats/lesson-2.2.tsx
FNF:0
FNH:0
DA:8,0
LF:1
LH:0
BRF:0
BRH:0
end_of_record
TN:
SF:src/content/beats/lesson-2.3.ts
FNF:0
FNH:0
DA:3,0
DA:15,0
LF:2
LH:0
BRF:0
BRH:0
end_of_record
TN:
SF:src/content/beats/lesson-2.4.tsx
FNF:0
FNH:0
DA:8,0
LF:1
LH:0
BRF:0
BRH:0
end_of_record
TN:
SF:src/content/beats/lesson-2.5.ts
FNF:0
FNH:0
DA:3,0
DA:9,0
LF:2
LH:0
BRF:0
BRH:0
end_of_record
TN:
SF:src/content/beats/lesson-2.6.ts
FNF:0
FNH:0
DA:3,0
DA:9,0
LF:2
LH:0
BRF:0
BRH:0
end_of_record
TN:
SF:src/content/beats/lesson-2.7.ts
FNF:0
FNH:0
DA:3,0
DA:9,0
LF:2
LH:0
BRF:0
BRH:0
end_of_record
TN:
SF:src/content/beats/lesson-2.8.tsx
FN:9,AbstractSpaceVisual
FN:27,(anonymous_1)
FN:76,(anonymous_2)
FNF:3
FNH:0
FNDA:0,AbstractSpaceVisual
FNDA:0,(anonymous_1)
FNDA:0,(anonymous_2)
DA:10,0
DA:17,0
DA:28,0
DA:63,0
DA:76,0
LF:5
LH:0
BRF:0
BRH:0
end_of_record
TN:
SF:src/content/beats/lesson-2.9.tsx
FN:19,ForestMapVisual
FN:26,(anonymous_1)
FN:43,(anonymous_2)
FN:100,(anonymous_3)
FNF:4
FNH:0
FNDA:0,ForestMapVisual
FNDA:0,(anonymous_1)
FNDA:0,(anonymous_2)
FNDA:0,(anonymous_3)
DA:20,0
DA:21,0
DA:22,0
DA:23,0
DA:24,0
DA:26,0
DA:28,0
DA:29,0
DA:30,0
DA:31,0
DA:33,0
DA:44,0
DA:87,0
DA:100,0
LF:14
LH:0
BRDA:46,0,0,0
BRDA:46,0,1,0
BRDA:52,1,0,0
BRDA:52,1,1,0
BRDA:61,2,0,0
BRDA:61,2,1,0
BRDA:67,3,0,0
BRDA:67,3,1,0
BRDA:72,4,0,0
BRDA:72,4,1,0
BRDA:77,5,0,0
BRDA:77,5,1,0
BRF:12
BRH:0
end_of_record
TN:
SF:src/content/beats/normalize.ts
FN:47,isLegacyLesson
FN:51,normalizePassage
FN:62,normalizeBeat
FN:115,normalizeBeatLesson
FNF:4
FNH:0
FNDA:0,isLegacyLesson
FNDA:0,normalizePassage
FNDA:0,normalizeBeat
FNDA:0,normalizeBeatLesson
DA:48,0
DA:52,0
DA:63,0
DA:65,0
DA:66,0
DA:67,0
DA:79,0
DA:80,0
DA:90,0
DA:91,0
DA:101,0
DA:115,0
DA:116,0
DA:118,0
DA:122,0
LF:15
LH:0
BRDA:48,0,0,0
BRDA:48,0,1,0
BRDA:55,1,0,0
BRDA:55,1,1,0
BRDA:58,2,0,0
BRDA:58,2,1,0
BRDA:63,3,0,0
BRDA:65,4,0,0
BRDA:65,5,0,0
BRDA:65,5,1,0
BRDA:66,6,0,0
BRDA:66,6,1,0
BRDA:71,7,0,0
BRDA:71,7,1,0
BRDA:74,8,0,0
BRDA:74,8,1,0
BRDA:74,9,0,0
BRDA:74,9,1,0
BRDA:79,10,0,0
BRDA:84,11,0,0
BRDA:84,11,1,0
BRDA:90,12,0,0
BRDA:95,13,0,0
BRDA:95,13,1,0
BRDA:105,14,0,0
BRDA:105,14,1,0
BRDA:107,15,0,0
BRDA:107,15,1,0
BRDA:116,16,0,0
BRDA:118,17,0,0
BRDA:118,17,1,0
BRDA:131,18,0,0
BRDA:131,18,1,0
BRF:33
BRH:0
end_of_record
TN:
SF:src/content/data/exampleConceptChecks.tsx
FN:41,(anonymous_1)
FN:46,(anonymous_2)
FN:46,(anonymous_3)
FNF:3
FNH:0
FNDA:0,(anonymous_1)
FNDA:0,(anonymous_2)
FNDA:0,(anonymous_3)
DA:1,0
DA:5,0
DA:42,0
DA:46,0
DA:47,0
LF:5
LH:0
BRF:0
BRH:0
end_of_record
TN:
SF:src/core/components/AppShell.tsx
FN:24,(anonymous_0)
FN:26,(anonymous_1)
FNF:2
FNH:2
FNDA:5,(anonymous_0)
FNDA:10,(anonymous_1)
DA:2,1
DA:3,1
DA:4,1
DA:13,1
DA:24,1
DA:25,5
DA:26,10
DA:28,5
DA:30,5
LF:9
LH:9
BRDA:28,0,0,0
BRDA:31,1,0,5
BRDA:31,1,1,5
BRF:3
BRH:2
end_of_record
TN:
SF:src/core/components/Breadcrumb.tsx
FN:17,(anonymous_0)
FNF:1
FNH:0
FNDA:0,(anonymous_0)
DA:1,0
DA:2,0
DA:3,0
DA:17,0
DA:18,0
DA:19,0
DA:20,0
DA:22,0
LF:8
LH:0
BRF:0
BRH:0
end_of_record
TN:
SF:src/core/components/CharacterAnimation.tsx
FN:25,(anonymous_0)
FN:47,(anonymous_1)
FNF:2
FNH:0
FNDA:0,(anonymous_0)
FNDA:0,(anonymous_1)
DA:1,0
DA:12,0
DA:25,0
DA:33,0
DA:35,0
DA:48,0
DA:49,0
DA:50,0
LF:8
LH:0
BRDA:29,0,0,0
BRDA:31,1,0,0
BRDA:49,2,0,0
BRDA:49,3,0,0
BRDA:49,3,1,0
BRDA:54,4,0,0
BRDA:54,4,1,0
BRF:7
BRH:0
end_of_record
TN:
SF:src/core/components/CharacterAvatar.tsx
FN:18,(anonymous_0)
FNF:1
FNH:0
FNDA:0,(anonymous_0)
DA:1,0
DA:2,0
DA:11,0
DA:18,0
DA:19,0
LF:5
LH:0
BRDA:18,0,0,0
BRF:1
BRH:0
end_of_record
TN:
SF:src/core/components/CharacterCard.tsx
FN:19,(anonymous_0)
FNF:1
FNH:1
FNDA:4,(anonymous_0)
DA:1,1
DA:2,1
DA:19,1
DA:20,4
LF:4
LH:4
BRF:0
BRH:0
end_of_record
TN:
SF:src/core/components/CharacterShowcase.tsx
FN:5,(anonymous_0)
FN:23,(anonymous_1)
FNF:2
FNH:0
FNDA:0,(anonymous_0)
FNDA:0,(anonymous_1)
DA:1,0
DA:2,0
DA:3,0
DA:5,0
DA:6,0
DA:24,0
LF:6
LH:0
BRF:0
BRH:0
end_of_record
TN:
SF:src/core/components/CourseRoadmap.tsx
FN:25,(anonymous_0)
FN:29,(anonymous_1)
FN:34,(anonymous_2)
FN:51,(anonymous_3)
FN:55,(anonymous_4)
FN:93,(anonymous_5)
FNF:6
FNH:0
FNDA:0,(anonymous_0)
FNDA:0,(anonymous_1)
FNDA:0,(anonymous_2)
FNDA:0,(anonymous_3)
FNDA:0,(anonymous_4)
FNDA:0,(anonymous_5)
DA:1,0
DA:2,0
DA:3,0
DA:4,0
DA:5,0
DA:25,0
DA:26,0
DA:27,0
DA:29,0
DA:31,0
DA:32,0
DA:33,0
DA:34,0
DA:36,0
DA:37,0
DA:38,0
DA:39,0
DA:48,0
DA:49,0
DA:51,0
DA:52,0
DA:54,0
DA:55,0
DA:58,0
DA:94,0
LF:25
LH:0
BRDA:42,0,0,0
BRDA:42,0,1,0
BRDA:45,1,0,0
BRDA:45,1,1,0
BRDA:49,2,0,0
BRDA:49,2,1,0
BRF:6
BRH:0
end_of_record
TN:
SF:src/core/components/CourseTimeline.tsx
FN:5,(anonymous_0)
FN:12,(anonymous_1)
FN:25,(anonymous_2)
FN:38,(anonymous_3)
FN:51,(anonymous_4)
FN:64,(anonymous_5)
FN:77,(anonymous_6)
FN:90,(anonymous_7)
FN:103,(anonymous_8)
FN:116,(anonymous_9)
FN:129,(anonymous_10)
FN:150,(anonymous_11)
FN:202,(anonymous_12)
FNF:13
FNH:0
FNDA:0,(anonymous_0)
FNDA:0,(anonymous_1)
FNDA:0,(anonymous_2)
FNDA:0,(anonymous_3)
FNDA:0,(anonymous_4)
FNDA:0,(anonymous_5)
FNDA:0,(anonymous_6)
FNDA:0,(anonymous_7)
FNDA:0,(anonymous_8)
FNDA:0,(anonymous_9)
FNDA:0,(anonymous_10)
FNDA:0,(anonymous_11)
FNDA:0,(anonymous_12)
DA:1,0
DA:2,0
DA:3,0
DA:5,0
DA:6,0
DA:12,0
DA:25,0
DA:38,0
DA:51,0
DA:64,0
DA:77,0
DA:90,0
DA:103,0
DA:116,0
DA:129,0
DA:139,0
DA:151,0
DA:203,0
DA:251,0
LF:19
LH:0
BRDA:153,0,0,0
BRDA:153,0,1,0
BRDA:159,1,0,0
BRDA:159,1,1,0
BRDA:168,2,0,0
BRDA:168,2,1,0
BRDA:187,3,0,0
BRDA:187,3,1,0
BRDA:195,4,0,0
BRDA:195,4,1,0
BRDA:213,5,0,0
BRDA:213,5,1,0
BRDA:216,6,0,0
BRDA:216,6,1,0
BRDA:216,7,0,0
BRDA:216,7,1,0
BRDA:216,8,0,0
BRDA:216,8,1,0
BRDA:216,9,0,0
BRDA:216,9,1,0
BRDA:216,10,0,0
BRDA:216,10,1,0
BRF:22
BRH:0
end_of_record
TN:
SF:src/core/components/Footer.tsx
FN:3,(anonymous_0)
FNF:1
FNH:1
FNDA:5,(anonymous_0)
DA:1,1
DA:3,1
DA:4,5
LF:3
LH:3
BRF:0
BRH:0
end_of_record
TN:
SF:src/core/components/Header.tsx
FN:10,characterIdForName
FN:11,(anonymous_1)
FN:16,resolveCharacterId
FN:20,(anonymous_3)
FN:25,(anonymous_4)
FN:31,(anonymous_5)
FN:37,(anonymous_6)
FN:39,(anonymous_7)
FN:56,(anonymous_8)
FN:93,(anonymous_9)
FNF:10
FNH:4
FNDA:0,characterIdForName
FNDA:0,(anonymous_1)
FNDA:5,resolveCharacterId
FNDA:0,(anonymous_3)
FNDA:0,(anonymous_4)
FNDA:10,(anonymous_5)
FNDA:5,(anonymous_6)
FNDA:5,(anonymous_7)
FNDA:0,(anonymous_8)
FNDA:0,(anonymous_9)
DA:1,1
DA:2,1
DA:3,1
DA:4,1
DA:5,1
DA:6,1
DA:7,1
DA:8,1
DA:11,0
DA:17,5
DA:18,5
DA:19,0
DA:20,0
DA:21,0
DA:23,5
DA:24,5
DA:25,0
DA:26,0
DA:28,5
DA:31,1
DA:32,10
DA:33,10
DA:34,10
DA:35,10
DA:36,10
DA:37,10
DA:39,10
DA:40,5
DA:41,5
DA:42,5
DA:43,0
DA:44,0
DA:45,0
DA:46,0
DA:47,0
DA:50,5
DA:51,5
DA:52,5
DA:56,10
DA:57,0
DA:58,0
DA:61,10
DA:93,0
LF:43
LH:29
BRDA:11,0,0,0
BRDA:11,0,1,0
BRDA:11,1,0,0
BRDA:11,1,1,0
BRDA:18,2,0,0
BRDA:21,3,0,0
BRDA:24,4,0,0
BRDA:26,5,0,0
BRDA:43,6,0,0
BRDA:50,7,0,5
BRDA:86,8,0,5
BRDA:86,8,1,5
BRDA:95,9,0,0
BRDA:95,9,1,10
BRDA:100,10,0,10
BRDA:100,10,1,0
BRDA:111,11,0,0
BRDA:111,11,1,0
BRF:18
BRH:5
end_of_record
TN:
SF:src/core/components/HeroSection.tsx
FN:3,(anonymous_0)
FN:22,(anonymous_1)
FNF:2
FNH:2
FNDA:7,(anonymous_0)
FNDA:336,(anonymous_1)
DA:1,2
DA:3,2
DA:4,7
DA:23,336
LF:4
LH:4
BRF:0
BRH:0
end_of_record
TN:
SF:src/core/components/LessonRoadmap.tsx
FN:19,(anonymous_0)
FN:25,(anonymous_1)
FNF:2
FNH:0
FNDA:0,(anonymous_0)
FNDA:0,(anonymous_1)
DA:1,0
DA:2,0
DA:19,0
DA:20,0
DA:26,0
DA:27,0
LF:6
LH:0
BRDA:19,0,0,0
BRDA:32,1,0,0
BRDA:32,1,1,0
BRDA:53,2,0,0
BRDA:53,2,1,0
BRF:5
BRH:0
end_of_record
TN:
SF:src/core/components/LessonTemplate.tsx
FN:31,(anonymous_6)
FN:60,(anonymous_7)
FN:64,(anonymous_8)
FN:65,(anonymous_9)
FN:72,(anonymous_10)
FN:76,(anonymous_11)
FNF:6
FNH:0
FNDA:0,(anonymous_6)
FNDA:0,(anonymous_7)
FNDA:0,(anonymous_8)
FNDA:0,(anonymous_9)
FNDA:0,(anonymous_10)
FNDA:0,(anonymous_11)
DA:1,0
DA:2,0
DA:3,0
DA:4,0
DA:6,0
DA:7,0
DA:8,0
DA:9,0
DA:10,0
DA:11,0
DA:14,0
DA:20,0
DA:21,0
DA:22,0
DA:23,0
DA:31,0
DA:39,0
DA:41,0
DA:42,0
DA:43,0
DA:44,0
DA:60,0
DA:61,0
DA:64,0
DA:65,0
DA:66,0
DA:67,0
DA:71,0
DA:72,0
DA:73,0
DA:76,0
DA:79,0
DA:80,0
DA:90,0
LF:34
LH:0
BRDA:66,0,0,0
BRDA:79,1,0,0
BRDA:131,2,0,0
BRDA:131,2,1,0
BRF:4
BRH:0
end_of_record
TN:
SF:src/core/components/ModuleCard.tsx
FN:24,(anonymous_0)
FN:27,(anonymous_1)
FN:31,(anonymous_2)
FN:36,(anonymous_3)
FN:49,(anonymous_4)
FN:100,(anonymous_5)
FN:134,(anonymous_6)
FNF:7
FNH:0
FNDA:0,(anonymous_0)
FNDA:0,(anonymous_1)
FNDA:0,(anonymous_2)
FNDA:0,(anonymous_3)
FNDA:0,(anonymous_4)
FNDA:0,(anonymous_5)
FNDA:0,(anonymous_6)
DA:1,0
DA:2,0
DA:3,0
DA:24,0
DA:25,0
DA:27,0
DA:28,0
DA:31,0
DA:32,0
DA:33,0
DA:36,0
DA:37,0
DA:39,0
DA:41,0
DA:43,0
DA:45,0
DA:49,0
DA:50,0
DA:52,0
DA:54,0
DA:56,0
DA:58,0
DA:62,0
DA:64,0
DA:101,0
DA:135,0
LF:26
LH:0
BRDA:37,0,0,0
BRDA:37,0,1,0
BRDA:37,0,2,0
BRDA:37,0,3,0
BRDA:50,1,0,0
BRDA:50,1,1,0
BRDA:50,1,2,0
BRDA:50,1,3,0
BRDA:62,2,0,0
BRDA:62,2,1,0
BRDA:85,3,0,0
BRDA:85,3,1,0
BRDA:96,4,0,0
BRDA:96,4,1,0
BRDA:96,5,0,0
BRDA:96,5,1,0
BRDA:112,6,0,0
BRDA:112,6,1,0
BRDA:112,7,0,0
BRDA:112,7,1,0
BRDA:119,8,0,0
BRDA:119,8,1,0
BRDA:119,8,2,0
BRDA:124,9,0,0
BRDA:124,9,1,0
BRDA:130,10,0,0
BRDA:130,10,1,0
BRDA:130,11,0,0
BRDA:130,11,1,0
BRDA:144,12,0,0
BRDA:144,12,1,0
BRDA:144,13,0,0
BRDA:144,13,1,0
BRDA:152,14,0,0
BRDA:152,14,1,0
BRDA:172,15,0,0
BRDA:172,15,1,0
BRF:37
BRH:0
end_of_record
TN:
SF:src/core/components/ModuleCharacterCard.tsx
FN:21,(anonymous_0)
FNF:1
FNH:0
FNDA:0,(anonymous_0)
DA:1,0
DA:2,0
DA:21,0
DA:22,0
DA:24,0
DA:25,0
DA:26,0
DA:27,0
DA:28,0
DA:31,0
LF:10
LH:0
BRDA:25,0,0,0
BRDA:27,1,0,0
BRDA:42,2,0,0
BRDA:42,2,1,0
BRDA:76,3,0,0
BRDA:76,3,1,0
BRF:6
BRH:0
end_of_record
TN:
SF:src/core/components/SimpleCourseTimeline.tsx
FN:5,(anonymous_0)
FN:7,(anonymous_1)
FN:7,(anonymous_2)
FN:7,(anonymous_3)
FN:8,(anonymous_4)
FN:8,(anonymous_5)
FN:8,(anonymous_6)
FN:9,(anonymous_7)
FN:9,(anonymous_8)
FN:9,(anonymous_9)
FN:10,(anonymous_10)
FN:10,(anonymous_11)
FN:10,(anonymous_12)
FN:11,(anonymous_13)
FN:11,(anonymous_14)
FN:11,(anonymous_15)
FN:12,(anonymous_16)
FN:12,(anonymous_17)
FN:12,(anonymous_18)
FN:13,(anonymous_19)
FN:13,(anonymous_20)
FN:13,(anonymous_21)
FN:14,(anonymous_22)
FN:14,(anonymous_23)
FN:14,(anonymous_24)
FN:15,(anonymous_25)
FN:15,(anonymous_26)
FN:15,(anonymous_27)
FN:16,(anonymous_28)
FN:16,(anonymous_29)
FN:32,(anonymous_30)
FN:63,(anonymous_31)
FNF:32
FNH:32
FNDA:5,(anonymous_0)
FNDA:5,(anonymous_1)
FNDA:5,(anonymous_2)
FNDA:5,(anonymous_3)
FNDA:10,(anonymous_4)
FNDA:10,(anonymous_5)
FNDA:10,(anonymous_6)
FNDA:15,(anonymous_7)
FNDA:15,(anonymous_8)
FNDA:15,(anonymous_9)
FNDA:20,(anonymous_10)
FNDA:20,(anonymous_11)
FNDA:20,(anonymous_12)
FNDA:25,(anonymous_13)
FNDA:25,(anonymous_14)
FNDA:25,(anonymous_15)
FNDA:30,(anonymous_16)
FNDA:30,(anonymous_17)
FNDA:30,(anonymous_18)
FNDA:35,(anonymous_19)
FNDA:35,(anonymous_20)
FNDA:35,(anonymous_21)
FNDA:45,(anonymous_22)
FNDA:45,(anonymous_23)
FNDA:45,(anonymous_24)
FNDA:40,(anonymous_25)
FNDA:40,(anonymous_26)
FNDA:40,(anonymous_27)
FNDA:50,(anonymous_28)
FNDA:50,(anonymous_29)
FNDA:50,(anonymous_30)
FNDA:50,(anonymous_31)
DA:1,1
DA:2,1
DA:3,1
DA:5,1
DA:6,5
DA:7,5
DA:8,10
DA:9,15
DA:10,20
DA:11,25
DA:12,30
DA:13,35
DA:14,45
DA:15,40
DA:16,50
DA:19,5
DA:33,50
DA:35,50
DA:53,50
DA:64,50
DA:66,50
DA:94,50
DA:106,1
LF:23
LH:23
BRDA:35,0,0,5
BRDA:35,0,1,45
BRDA:36,1,0,5
BRDA:36,1,1,45
BRDA:43,2,0,5
BRDA:43,2,1,45
BRDA:47,3,0,45
BRDA:47,3,1,5
BRDA:53,4,0,5
BRDA:53,4,1,45
BRDA:66,5,0,5
BRDA:66,5,1,45
BRDA:67,6,0,5
BRDA:67,6,1,45
BRDA:70,7,0,45
BRDA:70,7,1,5
BRDA:70,8,0,5
BRDA:70,8,1,45
BRDA:78,9,0,45
BRDA:78,9,1,5
BRDA:86,10,0,50
BRDA:86,10,1,5
BRDA:89,11,0,50
BRDA:89,11,1,45
BRDA:94,12,0,5
BRDA:94,12,1,45
BRF:26
BRH:26
end_of_record
TN:
SF:src/core/components/TestimonialSection.tsx
FN:31,(anonymous_0)
FN:49,(anonymous_1)
FN:61,(anonymous_2)
FNF:3
FNH:0
FNDA:0,(anonymous_0)
FNDA:0,(anonymous_1)
FNDA:0,(anonymous_2)
DA:2,0
DA:4,0
DA:31,0
DA:32,0
DA:50,0
DA:62,0
LF:6
LH:0
BRF:0
BRH:0
end_of_record
TN:
SF:src/core/components/experience/CharacterAudioIntro.tsx
FN:47,(anonymous_1)
FN:65,(anonymous_2)
FN:69,(anonymous_3)
FN:72,(anonymous_4)
FN:75,(anonymous_5)
FN:87,(anonymous_6)
FN:96,(anonymous_7)
FN:104,(anonymous_8)
FN:108,(anonymous_9)
FN:109,(anonymous_10)
FN:110,(anonymous_11)
FN:110,(anonymous_12)
FN:113,(anonymous_13)
FN:116,(anonymous_14)
FN:120,(anonymous_15)
FN:123,(anonymous_16)
FN:134,(anonymous_17)
FN:141,(anonymous_18)
FN:147,(anonymous_19)
FN:153,(anonymous_20)
FN:160,(anonymous_21)
FN:171,(anonymous_22)
FN:173,(anonymous_23)
FN:182,(anonymous_24)
FN:192,(anonymous_25)
FN:230,(anonymous_26)
FN:239,(anonymous_27)
FN:273,(anonymous_28)
FN:299,(anonymous_29)
FN:300,(anonymous_30)
FN:301,(anonymous_31)
FN:302,(anonymous_32)
FN:305,(anonymous_33)
FN:413,(anonymous_34)
FN:415,(anonymous_35)
FN:444,(anonymous_36)
FN:472,(anonymous_37)
FN:473,(anonymous_38)
FN:502,(anonymous_39)
FNF:39
FNH:0
FNDA:0,(anonymous_1)
FNDA:0,(anonymous_2)
FNDA:0,(anonymous_3)
FNDA:0,(anonymous_4)
FNDA:0,(anonymous_5)
FNDA:0,(anonymous_6)
FNDA:0,(anonymous_7)
FNDA:0,(anonymous_8)
FNDA:0,(anonymous_9)
FNDA:0,(anonymous_10)
FNDA:0,(anonymous_11)
FNDA:0,(anonymous_12)
FNDA:0,(anonymous_13)
FNDA:0,(anonymous_14)
FNDA:0,(anonymous_15)
FNDA:0,(anonymous_16)
FNDA:0,(anonymous_17)
FNDA:0,(anonymous_18)
FNDA:0,(anonymous_19)
FNDA:0,(anonymous_20)
FNDA:0,(anonymous_21)
FNDA:0,(anonymous_22)
FNDA:0,(anonymous_23)
FNDA:0,(anonymous_24)
FNDA:0,(anonymous_25)
FNDA:0,(anonymous_26)
FNDA:0,(anonymous_27)
FNDA:0,(anonymous_28)
FNDA:0,(anonymous_29)
FNDA:0,(anonymous_30)
FNDA:0,(anonymous_31)
FNDA:0,(anonymous_32)
FNDA:0,(anonymous_33)
FNDA:0,(anonymous_34)
FNDA:0,(anonymous_35)
FNDA:0,(anonymous_36)
FNDA:0,(anonymous_37)
FNDA:0,(anonymous_38)
FNDA:0,(anonymous_39)
DA:1,0
DA:2,0
DA:3,0
DA:4,0
DA:5,0
DA:6,0
DA:7,0
DA:8,0
DA:9,0
DA:10,0
DA:14,0
DA:29,0
DA:47,0
DA:50,0
DA:51,0
DA:52,0
DA:53,0
DA:54,0
DA:55,0
DA:56,0
DA:57,0
DA:58,0
DA:59,0
DA:60,0
DA:61,0
DA:62,0
DA:63,0
DA:65,0
DA:66,0
DA:69,0
DA:72,0
DA:73,0
DA:75,0
DA:76,0
DA:77,0
DA:78,0
DA:81,0
DA:82,0
DA:87,0
DA:88,0
DA:89,0
DA:90,0
DA:96,0
DA:97,0
DA:98,0
DA:99,0
DA:100,0
DA:104,0
DA:107,0
DA:108,0
DA:109,0
DA:110,0
DA:113,0
DA:114,0
DA:115,0
DA:116,0
DA:117,0
DA:118,0
DA:120,0
DA:123,0
DA:124,0
DA:125,0
DA:126,0
DA:128,0
DA:130,0
DA:134,0
DA:135,0
DA:136,0
DA:137,0
DA:141,0
DA:142,0
DA:143,0
DA:147,0
DA:148,0
DA:149,0
DA:153,0
DA:154,0
DA:155,0
DA:156,0
DA:160,0
DA:161,0
DA:162,0
DA:163,0
DA:164,0
DA:165,0
DA:166,0
DA:167,0
DA:171,0
DA:172,0
DA:173,0
DA:174,0
DA:175,0
DA:176,0
DA:177,0
DA:178,0
DA:179,0
DA:180,0
DA:182,0
DA:183,0
DA:184,0
DA:185,0
DA:187,0
DA:188,0
DA:192,0
DA:194,0
DA:195,0
DA:196,0
DA:197,0
DA:198,0
DA:199,0
DA:200,0
DA:203,0
DA:204,0
DA:205,0
DA:207,0
DA:208,0
DA:209,0
DA:212,0
DA:230,0
DA:239,0
DA:275,0
DA:276,0
DA:294,0
DA:295,0
DA:299,0
DA:300,0
DA:301,0
DA:302,0
DA:305,0
DA:414,0
DA:415,0
DA:418,0
DA:419,0
DA:420,0
DA:422,0
DA:424,0
DA:426,0
DA:444,0
DA:445,0
DA:446,0
DA:447,0
DA:450,0
DA:473,0
DA:474,0
DA:502,0
LF:145
LH:0
BRDA:48,0,0,0
BRDA:73,1,0,0
BRDA:77,2,0,0
BRDA:78,3,0,0
BRDA:78,3,1,0
BRDA:81,4,0,0
BRDA:88,5,0,0
BRDA:88,6,0,0
BRDA:88,6,1,0
BRDA:88,6,2,0
BRDA:97,7,0,0
BRDA:99,8,0,0
BRDA:99,9,0,0
BRDA:99,9,1,0
BRDA:109,10,0,0
BRDA:109,10,1,0
BRDA:109,10,2,0
BRDA:114,11,0,0
BRDA:114,12,0,0
BRDA:114,12,1,0
BRDA:124,13,0,0
BRDA:125,14,0,0
BRDA:125,14,1,0
BRDA:135,15,0,0
BRDA:142,16,0,0
BRDA:148,17,0,0
BRDA:161,18,0,0
BRDA:161,19,0,0
BRDA:161,19,1,0
BRDA:161,19,2,0
BRDA:174,20,0,0
BRDA:174,21,0,0
BRDA:174,21,1,0
BRDA:174,21,2,0
BRDA:194,22,0,0
BRDA:194,22,1,0
BRDA:198,23,0,0
BRDA:204,24,0,0
BRDA:249,25,0,0
BRDA:249,25,1,0
BRDA:251,26,0,0
BRDA:251,26,1,0
BRDA:256,27,0,0
BRDA:256,27,1,0
BRDA:256,28,0,0
BRDA:256,28,1,0
BRDA:266,29,0,0
BRDA:266,29,1,0
BRDA:275,30,0,0
BRDA:275,30,1,0
BRDA:276,31,0,0
BRDA:276,31,1,0
BRDA:299,32,0,0
BRDA:299,32,1,0
BRDA:301,33,0,0
BRDA:301,33,1,0
BRDA:314,34,0,0
BRDA:314,34,1,0
BRDA:320,35,0,0
BRDA:320,35,1,0
BRDA:344,36,0,0
BRDA:344,36,1,0
BRDA:346,37,0,0
BRDA:346,37,1,0
BRDA:354,38,0,0
BRDA:354,38,1,0
BRDA:356,39,0,0
BRDA:356,39,1,0
BRDA:384,40,0,0
BRDA:384,40,1,0
BRDA:389,41,0,0
BRDA:389,41,1,0
BRDA:422,42,0,0
BRDA:422,43,0,0
BRDA:422,43,1,0
BRDA:424,44,0,0
BRDA:424,44,1,0
BRDA:444,45,0,0
BRDA:444,45,1,0
BRDA:455,46,0,0
BRDA:455,46,1,0
BRDA:478,47,0,0
BRDA:478,47,1,0
BRDA:480,48,0,0
BRDA:480,48,1,0
BRDA:502,49,0,0
BRDA:502,49,1,0
BRDA:504,50,0,0
BRDA:504,50,1,0
BRF:89
BRH:0
end_of_record
TN:
SF:src/core/components/experience/CharacterPreviewCarousel.tsx
FN:25,(anonymous_0)
FN:125,(anonymous_1)
FN:130,(anonymous_2)
FN:131,(anonymous_3)
FN:134,(anonymous_4)
FN:135,(anonymous_5)
FN:138,(anonymous_6)
FN:143,(anonymous_7)
FN:145,(anonymous_8)
FN:150,(anonymous_9)
FN:157,(anonymous_10)
FN:164,(anonymous_11)
FN:261,(anonymous_12)
FN:264,(anonymous_13)
FNF:14
FNH:0
FNDA:0,(anonymous_0)
FNDA:0,(anonymous_1)
FNDA:0,(anonymous_2)
FNDA:0,(anonymous_3)
FNDA:0,(anonymous_4)
FNDA:0,(anonymous_5)
FNDA:0,(anonymous_6)
FNDA:0,(anonymous_7)
FNDA:0,(anonymous_8)
FNDA:0,(anonymous_9)
FNDA:0,(anonymous_10)
FNDA:0,(anonymous_11)
FNDA:0,(anonymous_12)
FNDA:0,(anonymous_13)
DA:1,0
DA:2,0
DA:3,0
DA:4,0
DA:5,0
DA:25,0
DA:27,0
DA:111,0
DA:125,0
DA:126,0
DA:127,0
DA:128,0
DA:130,0
DA:131,0
DA:134,0
DA:135,0
DA:138,0
DA:139,0
DA:143,0
DA:144,0
DA:145,0
DA:146,0
DA:150,0
DA:151,0
DA:152,0
DA:157,0
DA:158,0
DA:159,0
DA:160,0
DA:164,0
DA:165,0
DA:168,0
DA:170,0
DA:262,0
DA:264,0
LF:35
LH:0
BRDA:144,0,0,0
BRDA:151,1,0,0
BRDA:159,2,0,0
BRDA:266,3,0,0
BRDA:266,3,1,0
BRF:5
BRH:0
end_of_record
TN:
SF:src/core/components/experience/ExperienceCTA.tsx
FN:6,(anonymous_0)
FNF:1
FNH:0
FNDA:0,(anonymous_0)
DA:1,0
DA:2,0
DA:3,0
DA:4,0
DA:6,0
DA:7,0
LF:6
LH:0
BRF:0
BRH:0
end_of_record
TN:
SF:src/core/components/experience/ExperienceHero.tsx
FN:5,(anonymous_0)
FNF:1
FNH:0
FNDA:0,(anonymous_0)
DA:1,0
DA:2,0
DA:3,0
DA:5,0
DA:6,0
LF:5
LH:0
BRF:0
BRH:0
end_of_record
TN:
SF:src/core/components/experience/JourneyTransformation.tsx
FN:37,(anonymous_0)
FN:41,(anonymous_1)
FN:43,(anonymous_2)
FN:44,(anonymous_3)
FN:46,(anonymous_4)
FN:48,(anonymous_5)
FN:61,(anonymous_6)
FN:67,(anonymous_7)
FN:84,(anonymous_8)
FN:87,(anonymous_9)
FNF:10
FNH:0
FNDA:0,(anonymous_0)
FNDA:0,(anonymous_1)
FNDA:0,(anonymous_2)
FNDA:0,(anonymous_3)
FNDA:0,(anonymous_4)
FNDA:0,(anonymous_5)
FNDA:0,(anonymous_6)
FNDA:0,(anonymous_7)
FNDA:0,(anonymous_8)
FNDA:0,(anonymous_9)
DA:1,0
DA:2,0
DA:3,0
DA:13,0
DA:37,0
DA:38,0
DA:39,0
DA:41,0
DA:42,0
DA:44,0
DA:45,0
DA:46,0
DA:47,0
DA:48,0
DA:49,0
DA:61,0
DA:62,0
DA:63,0
DA:67,0
DA:70,0
DA:85,0
DA:87,0
LF:22
LH:0
BRDA:45,0,0,0
BRDA:47,1,0,0
BRDA:62,2,0,0
BRF:3
BRH:0
end_of_record
TN:
SF:src/core/components/lesson/CharacterCompanion.tsx
FN:26,(anonymous_0)
FN:32,(anonymous_1)
FN:66,(anonymous_2)
FNF:3
FNH:0
FNDA:0,(anonymous_0)
FNDA:0,(anonymous_1)
FNDA:0,(anonymous_2)
DA:1,0
DA:2,0
DA:26,0
DA:32,0
DA:34,0
DA:67,0
DA:68,0
DA:69,0
LF:8
LH:0
BRDA:54,0,0,0
BRDA:54,0,1,0
BRDA:58,1,0,0
BRDA:58,1,1,0
BRDA:74,2,0,0
BRDA:74,2,1,0
BRDA:75,3,0,0
BRDA:75,3,1,0
BRDA:76,4,0,0
BRDA:76,4,1,0
BRDA:76,4,2,0
BRDA:79,5,0,0
BRDA:79,5,1,0
BRDA:83,6,0,0
BRDA:83,6,1,0
BRDA:84,7,0,0
BRDA:84,7,1,0
BRF:17
BRH:0
end_of_record
TN:
SF:src/core/components/lesson/ConceptCheck.tsx
FN:26,(anonymous_0)
FN:30,(anonymous_1)
FN:34,(anonymous_2)
FN:40,(anonymous_3)
FN:58,(anonymous_4)
FN:61,(anonymous_5)
FNF:6
FNH:0
FNDA:0,(anonymous_0)
FNDA:0,(anonymous_1)
FNDA:0,(anonymous_2)
FNDA:0,(anonymous_3)
FNDA:0,(anonymous_4)
FNDA:0,(anonymous_5)
DA:1,0
DA:2,0
DA:3,0
DA:4,0
DA:5,0
DA:26,0
DA:27,0
DA:28,0
DA:30,0
DA:31,0
DA:32,0
DA:33,0
DA:34,0
DA:35,0
DA:40,0
DA:41,0
DA:42,0
DA:45,0
DA:47,0
DA:59,0
DA:61,0
LF:21
LH:0
BRDA:33,0,0,0
BRDA:61,1,0,0
BRDA:61,1,1,0
BRDA:64,2,0,0
BRDA:64,2,1,0
BRDA:65,3,0,0
BRDA:65,3,1,0
BRDA:67,4,0,0
BRDA:67,4,1,0
BRDA:70,5,0,0
BRDA:70,5,1,0
BRDA:80,6,0,0
BRDA:80,6,1,0
BRDA:80,6,2,0
BRDA:83,7,0,0
BRDA:83,7,1,0
BRDA:83,7,2,0
BRDA:83,7,3,0
BRDA:92,8,0,0
BRDA:92,8,1,0
BRDA:94,9,0,0
BRDA:94,9,1,0
BRDA:96,10,0,0
BRDA:96,10,1,0
BRDA:102,11,0,0
BRDA:102,11,1,0
BRDA:103,12,0,0
BRDA:103,12,1,0
BRDA:105,13,0,0
BRDA:105,13,1,0
BRDA:111,14,0,0
BRDA:111,14,1,0
BRDA:123,15,0,0
BRDA:123,15,1,0
BRDA:141,16,0,0
BRDA:141,16,1,0
BRDA:141,17,0,0
BRDA:141,17,1,0
BRF:38
BRH:0
end_of_record
TN:
SF:src/core/components/lesson/DoSection.tsx
FN:10,(anonymous_0)
FN:13,(anonymous_1)
FNF:2
FNH:0
FNDA:0,(anonymous_0)
FNDA:0,(anonymous_1)
DA:2,0
DA:3,0
DA:4,0
DA:10,0
DA:11,0
DA:12,0
DA:13,0
DA:14,0
DA:16,0
DA:18,0
DA:19,0
DA:29,0
DA:30,0
DA:31,0
DA:39,0
DA:42,0
LF:16
LH:0
BRDA:12,0,0,0
BRDA:12,0,1,0
BRDA:14,1,0,0
BRDA:14,1,1,0
BRDA:18,2,0,0
BRDA:18,2,1,0
BRDA:18,3,0,0
BRDA:18,3,1,0
BRDA:29,4,0,0
BRDA:29,4,1,0
BRDA:29,5,0,0
BRDA:29,5,1,0
BRDA:29,5,2,0
BRDA:44,6,0,0
BRDA:44,6,1,0
BRF:15
BRH:0
end_of_record
TN:
SF:src/core/components/lesson/EnhancedAudioPlayer.tsx
FN:18,(anonymous_0)
FN:43,(anonymous_1)
FN:47,(anonymous_2)
FN:53,(anonymous_3)
FN:58,(anonymous_4)
FN:64,(anonymous_5)
FN:74,(anonymous_6)
FN:82,(anonymous_7)
FN:89,(anonymous_8)
FN:97,(anonymous_9)
FN:106,(anonymous_10)
FN:116,(anonymous_11)
FN:129,(anonymous_12)
FN:214,(anonymous_13)
FN:253,(anonymous_14)
FNF:15
FNH:0
FNDA:0,(anonymous_0)
FNDA:0,(anonymous_1)
FNDA:0,(anonymous_2)
FNDA:0,(anonymous_3)
FNDA:0,(anonymous_4)
FNDA:0,(anonymous_5)
FNDA:0,(anonymous_6)
FNDA:0,(anonymous_7)
FNDA:0,(anonymous_8)
FNDA:0,(anonymous_9)
FNDA:0,(anonymous_10)
FNDA:0,(anonymous_11)
FNDA:0,(anonymous_12)
FNDA:0,(anonymous_13)
FNDA:0,(anonymous_14)
DA:1,0
DA:2,0
DA:3,0
DA:4,0
DA:5,0
DA:6,0
DA:18,0
DA:26,0
DA:27,0
DA:28,0
DA:29,0
DA:30,0
DA:31,0
DA:32,0
DA:33,0
DA:41,0
DA:43,0
DA:44,0
DA:45,0
DA:47,0
DA:48,0
DA:49,0
DA:50,0
DA:53,0
DA:54,0
DA:55,0
DA:58,0
DA:59,0
DA:60,0
DA:61,0
DA:64,0
DA:65,0
DA:66,0
DA:69,0
DA:70,0
DA:71,0
DA:72,0
DA:74,0
DA:75,0
DA:76,0
DA:77,0
DA:78,0
DA:82,0
DA:83,0
DA:84,0
DA:86,0
DA:87,0
DA:89,0
DA:90,0
DA:93,0
DA:94,0
DA:97,0
DA:98,0
DA:99,0
DA:101,0
DA:102,0
DA:103,0
DA:106,0
DA:107,0
DA:108,0
DA:110,0
DA:111,0
DA:112,0
DA:113,0
DA:116,0
DA:117,0
DA:118,0
DA:120,0
DA:121,0
DA:122,0
DA:124,0
DA:125,0
DA:129,0
DA:130,0
DA:131,0
DA:132,0
DA:135,0
DA:137,0
DA:214,0
DA:253,0
LF:80
LH:0
BRDA:23,0,0,0
BRDA:45,1,0,0
BRDA:84,2,0,0
BRDA:86,3,0,0
BRDA:86,3,1,0
BRDA:99,4,0,0
BRDA:108,5,0,0
BRDA:118,6,0,0
BRDA:120,7,0,0
BRDA:120,7,1,0
BRDA:135,8,0,0
BRDA:135,8,1,0
BRDA:145,9,0,0
BRDA:145,9,1,0
BRDA:162,10,0,0
BRDA:162,10,1,0
BRDA:177,11,0,0
BRDA:177,11,1,0
BRDA:180,12,0,0
BRDA:180,12,1,0
BRDA:182,13,0,0
BRDA:182,13,1,0
BRDA:196,14,0,0
BRDA:196,14,1,0
BRDA:203,15,0,0
BRDA:203,15,1,0
BRDA:210,16,0,0
BRDA:210,16,1,0
BRDA:210,16,2,0
BRDA:218,17,0,0
BRDA:218,17,1,0
BRDA:224,18,0,0
BRDA:224,18,1,0
BRDA:234,19,0,0
BRDA:234,19,1,0
BRDA:234,19,2,0
BRDA:234,19,3,0
BRF:37
BRH:0
end_of_record
TN:
SF:src/core/components/lesson/HearSection.tsx
FN:13,(anonymous_0)
FN:20,(anonymous_1)
FNF:2
FNH:0
FNDA:0,(anonymous_0)
FNDA:0,(anonymous_1)
DA:1,0
DA:3,0
DA:13,0
DA:14,0
DA:20,0
DA:27,0
DA:28,0
DA:39,0
LF:8
LH:0
BRDA:14,0,0,0
BRDA:14,0,1,0
BRDA:27,1,0,0
BRDA:41,2,0,0
BRDA:41,2,1,0
BRDA:42,3,0,0
BRDA:42,3,1,0
BRF:7
BRH:0
end_of_record
TN:
SF:src/core/components/lesson/LearningObjectives.tsx
FN:15,(anonymous_0)
FN:23,(anonymous_1)
FN:41,(anonymous_2)
FN:45,(anonymous_3)
FNF:4
FNH:0
FNDA:0,(anonymous_0)
FNDA:0,(anonymous_1)
FNDA:0,(anonymous_2)
FNDA:0,(anonymous_3)
DA:2,0
DA:3,0
DA:4,0
DA:5,0
DA:15,0
DA:16,0
DA:17,0
DA:19,0
DA:23,0
DA:42,0
DA:45,0
LF:11
LH:0
BRDA:28,0,0,0
BRDA:28,0,1,0
BRDA:36,1,0,0
BRDA:36,1,1,0
BRDA:47,2,0,0
BRDA:47,2,1,0
BRDA:52,3,0,0
BRDA:52,3,1,0
BRDA:63,4,0,0
BRDA:63,4,1,0
BRDA:66,5,0,0
BRDA:66,5,1,0
BRF:12
BRH:0
end_of_record
TN:
SF:src/core/components/lesson/LearningObjectivesBanner.tsx
FN:8,(anonymous_0)
FN:17,(anonymous_1)
FNF:2
FNH:0
FNDA:0,(anonymous_0)
FNDA:0,(anonymous_1)
DA:1,0
DA:2,0
DA:8,0
DA:9,0
DA:18,0
LF:5
LH:0
BRF:0
BRH:0
end_of_record
TN:
SF:src/core/components/lesson/LessonHeader.tsx
FN:5,(anonymous_0)
FNF:1
FNH:1
FNDA:5,(anonymous_0)
DA:5,1
DA:6,5
LF:2
LH:2
BRF:0
BRH:0
end_of_record
TN:
SF:src/core/components/lesson/LessonNavigation.tsx
FN:11,(anonymous_0)
FN:19,(anonymous_1)
FN:31,(anonymous_2)
FN:39,(anonymous_3)
FNF:4
FNH:0
FNDA:0,(anonymous_0)
FNDA:0,(anonymous_1)
FNDA:0,(anonymous_2)
FNDA:0,(anonymous_3)
DA:2,0
DA:3,0
DA:4,0
DA:11,0
DA:12,0
DA:14,0
DA:19,0
DA:31,0
DA:39,0
LF:9
LH:0
BRDA:16,0,0,0
BRDA:16,0,1,0
BRDA:29,1,0,0
BRDA:29,1,1,0
BRF:4
BRH:0
end_of_record
TN:
SF:src/core/components/lesson/LessonSectionRenderer.tsx
FN:27,(anonymous_6)
FN:39,(anonymous_7)
FNF:2
FNH:0
FNDA:0,(anonymous_6)
FNDA:0,(anonymous_7)
DA:1,0
DA:4,0
DA:5,0
DA:6,0
DA:7,0
DA:8,0
DA:9,0
DA:10,0
DA:11,0
DA:12,0
DA:13,0
DA:14,0
DA:27,0
DA:37,0
DA:39,0
DA:41,0
DA:43,0
DA:55,0
DA:68,0
DA:69,0
DA:78,0
DA:79,0
DA:89,0
DA:102,0
DA:113,0
DA:132,0
DA:145,0
DA:164,0
DA:177,0
LF:29
LH:0
BRDA:41,0,0,0
BRDA:41,0,1,0
BRDA:41,0,2,0
BRDA:41,0,3,0
BRDA:41,0,4,0
BRDA:41,0,5,0
BRDA:41,0,6,0
BRDA:41,0,7,0
BRDA:41,0,8,0
BRDA:68,1,0,0
BRDA:68,1,1,0
BRDA:78,2,0,0
BRDA:78,2,1,0
BRF:13
BRH:0
end_of_record
TN:
SF:src/core/components/lesson/LessonSidebar.tsx
FN:25,(anonymous_0)
FN:53,(anonymous_1)
FN:67,(anonymous_2)
FNF:3
FNH:0
FNDA:0,(anonymous_0)
FNDA:0,(anonymous_1)
FNDA:0,(anonymous_2)
DA:1,0
DA:2,0
DA:3,0
DA:4,0
DA:5,0
DA:25,0
DA:33,0
DA:54,0
DA:55,0
DA:57,0
DA:67,0
LF:11
LH:0
BRDA:62,0,0,0
BRDA:62,0,1,0
BRDA:65,1,0,0
BRDA:65,1,1,0
BRDA:65,1,2,0
BRDA:69,2,0,0
BRDA:69,2,1,0
BRDA:71,3,0,0
BRDA:71,3,1,0
BRDA:83,4,0,0
BRDA:83,4,1,0
BRDA:83,4,2,0
BRF:12
BRH:0
end_of_record
TN:
SF:src/core/components/lesson/LiveTranscript.tsx
FN:11,(anonymous_6)
FN:19,(anonymous_7)
FN:27,(anonymous_8)
FN:30,(anonymous_9)
FNF:4
FNH:0
FNDA:0,(anonymous_6)
FNDA:0,(anonymous_7)
FNDA:0,(anonymous_8)
FNDA:0,(anonymous_9)
DA:1,0
DA:11,0
DA:17,0
DA:19,0
DA:20,0
DA:21,0
DA:25,0
DA:28,0
DA:30,0
LF:9
LH:0
BRDA:20,0,0,0
BRDA:32,1,0,0
BRDA:32,1,1,0
BRF:3
BRH:0
end_of_record
TN:
SF:src/core/components/lesson/MemoryAids.tsx
FN:24,(anonymous_0)
FNF:1
FNH:0
FNDA:0,(anonymous_0)
DA:1,0
DA:4,0
DA:5,0
DA:24,0
DA:25,0
LF:5
LH:0
BRF:0
BRH:0
end_of_record
TN:
SF:src/core/components/lesson/NarrativeHook.tsx
FN:22,(anonymous_0)
FNF:1
FNH:0
FNDA:0,(anonymous_0)
DA:4,0
DA:6,0
DA:22,0
DA:23,0
LF:4
LH:0
BRF:0
BRH:0
end_of_record
TN:
SF:src/core/components/lesson/ReadSection.tsx
FN:13,(anonymous_0)
FN:21,(anonymous_1)
FN:58,(anonymous_2)
FN:69,(anonymous_3)
FN:69,(anonymous_4)
FNF:5
FNH:0
FNDA:0,(anonymous_0)
FNDA:0,(anonymous_1)
FNDA:0,(anonymous_2)
FNDA:0,(anonymous_3)
FNDA:0,(anonymous_4)
DA:1,0
DA:2,0
DA:3,0
DA:13,0
DA:14,0
DA:21,0
DA:22,0
DA:24,0
DA:25,0
DA:36,0
DA:38,0
DA:59,0
DA:69,0
LF:13
LH:0
BRDA:14,0,0,0
BRDA:14,0,1,0
BRDA:14,0,2,0
BRDA:14,0,3,0
BRDA:14,0,4,0
BRDA:14,0,5,0
BRDA:24,1,0,0
BRDA:41,2,0,0
BRDA:41,2,1,0
BRDA:47,3,0,0
BRDA:47,3,1,0
BRDA:54,4,0,0
BRDA:54,4,1,0
BRDA:54,4,2,0
BRDA:65,5,0,0
BRDA:65,5,1,0
BRDA:72,6,0,0
BRDA:72,6,1,0
BRDA:75,7,0,0
BRDA:75,7,1,0
BRDA:83,8,0,0
BRDA:83,8,1,0
BRF:22
BRH:0
end_of_record
TN:
SF:src/core/components/lesson/RealWorldConnection.tsx
FN:14,(anonymous_0)
FNF:1
FNH:0
FNDA:0,(anonymous_0)
DA:4,0
DA:14,0
DA:15,0
LF:3
LH:0
BRDA:20,0,0,0
BRDA:20,0,1,0
BRF:2
BRH:0
end_of_record
TN:
SF:src/core/components/lesson/SectionCompletion.tsx
FN:23,(anonymous_0)
FN:25,(anonymous_1)
FN:35,(anonymous_2)
FNF:3
FNH:0
FNDA:0,(anonymous_0)
FNDA:0,(anonymous_1)
FNDA:0,(anonymous_2)
DA:1,0
DA:2,0
DA:23,0
DA:25,0
DA:26,0
DA:27,0
DA:29,0
DA:30,0
DA:35,0
DA:36,0
DA:37,0
DA:38,0
DA:42,0
DA:44,0
LF:14
LH:0
BRDA:26,0,0,0
BRDA:29,1,0,0
BRDA:37,2,0,0
BRDA:42,3,0,0
BRDA:42,3,1,0
BRDA:50,4,0,0
BRDA:50,4,1,0
BRDA:52,5,0,0
BRDA:52,5,1,0
BRDA:57,6,0,0
BRDA:57,6,1,0
BRDA:58,7,0,0
BRDA:58,7,1,0
BRDA:63,8,0,0
BRDA:63,8,1,0
BRF:15
BRH:0
end_of_record
TN:
SF:src/core/components/lesson/SeeSection.tsx
FN:15,(anonymous_0)
FN:22,(anonymous_1)
FNF:2
FNH:0
FNDA:0,(anonymous_0)
FNDA:0,(anonymous_1)
DA:1,0
DA:2,0
DA:15,0
DA:16,0
DA:22,0
DA:23,0
DA:24,0
DA:35,0
LF:8
LH:0
BRDA:16,0,0,0
BRDA:16,0,1,0
BRDA:23,1,0,0
BRDA:37,2,0,0
BRDA:37,2,1,0
BRDA:47,3,0,0
BRDA:47,3,1,0
BRDA:54,4,0,0
BRDA:54,4,1,0
BRF:9
BRH:0
end_of_record
TN:
SF:src/core/components/lesson/conceptCheck/EnhancedConceptCheck.tsx
FN:30,(anonymous_1)
FN:70,(anonymous_2)
FNF:2
FNH:0
FNDA:0,(anonymous_1)
FNDA:0,(anonymous_2)
DA:1,0
DA:2,0
DA:3,0
DA:4,0
DA:30,0
DA:31,0
DA:33,0
DA:34,0
DA:48,0
DA:49,0
DA:63,0
DA:64,0
DA:71,0
DA:87,0
LF:14
LH:0
BRDA:33,0,0,0
BRDA:33,1,0,0
BRDA:33,1,1,0
BRDA:33,1,2,0
BRDA:33,1,3,0
BRDA:48,2,0,0
BRDA:48,3,0,0
BRDA:48,3,1,0
BRDA:48,3,2,0
BRDA:63,4,0,0
BRDA:63,5,0,0
BRDA:63,5,1,0
BRDA:63,5,2,0
BRDA:63,5,3,0
BRDA:77,6,0,0
BRDA:77,6,1,0
BRF:16
BRH:0
end_of_record
TN:
SF:src/core/components/lesson/conceptCheck/MultiStepTemplate.tsx
FN:17,(anonymous_6)
FN:36,(anonymous_7)
FN:37,(anonymous_8)
FN:46,(anonymous_9)
FN:61,(anonymous_10)
FN:68,(anonymous_11)
FN:79,(anonymous_12)
FN:82,(anonymous_13)
FN:99,(anonymous_14)
FN:110,(anonymous_15)
FN:123,(anonymous_16)
FN:123,(anonymous_17)
FNF:12
FNH:0
FNDA:0,(anonymous_6)
FNDA:0,(anonymous_7)
FNDA:0,(anonymous_8)
FNDA:0,(anonymous_9)
FNDA:0,(anonymous_10)
FNDA:0,(anonymous_11)
FNDA:0,(anonymous_12)
FNDA:0,(anonymous_13)
FNDA:0,(anonymous_14)
FNDA:0,(anonymous_15)
FNDA:0,(anonymous_16)
FNDA:0,(anonymous_17)
DA:1,0
DA:3,0
DA:4,0
DA:17,0
DA:28,0
DA:29,0
DA:30,0
DA:31,0
DA:32,0
DA:33,0
DA:34,0
DA:36,0
DA:37,0
DA:38,0
DA:39,0
DA:40,0
DA:42,0
DA:43,0
DA:46,0
DA:47,0
DA:48,0
DA:49,0
DA:50,0
DA:51,0
DA:52,0
DA:53,0
DA:54,0
DA:55,0
DA:56,0
DA:59,0
DA:61,0
DA:62,0
DA:63,0
DA:64,0
DA:67,0
DA:68,0
DA:69,0
DA:70,0
DA:71,0
DA:74,0
DA:75,0
DA:76,0
DA:78,0
DA:79,0
DA:80,0
DA:81,0
DA:82,0
DA:84,0
DA:89,0
DA:99,0
DA:110,0
DA:123,0
LF:52
LH:0
BRDA:28,0,0,0
BRDA:28,0,1,0
BRDA:50,1,0,0
BRDA:52,2,0,0
BRDA:52,2,1,0
BRDA:55,3,0,0
BRDA:59,4,0,0
BRDA:59,5,0,0
BRDA:59,5,1,0
BRDA:63,6,0,0
BRDA:63,6,1,0
BRDA:67,7,0,0
BRDA:67,8,0,0
BRDA:67,8,1,0
BRDA:74,9,0,0
BRDA:74,9,1,0
BRDA:74,10,0,0
BRDA:74,10,1,0
BRDA:81,11,0,0
BRDA:81,11,1,0
BRDA:99,12,0,0
BRDA:99,12,1,0
BRDA:107,13,0,0
BRDA:107,13,1,0
BRDA:111,14,0,0
BRDA:111,14,1,0
BRDA:114,15,0,0
BRDA:114,15,1,0
BRDA:115,16,0,0
BRDA:115,16,1,0
BRDA:116,17,0,0
BRDA:116,17,1,0
BRDA:116,17,2,0
BRDA:120,18,0,0
BRDA:120,18,1,0
BRDA:120,18,2,0
BRDA:135,19,0,0
BRDA:135,19,1,0
BRDA:140,20,0,0
BRDA:140,20,1,0
BRDA:153,21,0,0
BRDA:153,21,1,0
BRF:42
BRH:0
end_of_record
TN:
SF:src/core/components/lesson/conceptCheck/ScenarioTemplate.tsx
FN:16,(anonymous_6)
FN:30,(anonymous_7)
FN:32,(anonymous_8)
FN:52,(anonymous_9)
FN:65,(anonymous_10)
FN:71,(anonymous_11)
FNF:6
FNH:0
FNDA:0,(anonymous_6)
FNDA:0,(anonymous_7)
FNDA:0,(anonymous_8)
FNDA:0,(anonymous_9)
FNDA:0,(anonymous_10)
FNDA:0,(anonymous_11)
DA:1,0
DA:3,0
DA:4,0
DA:16,0
DA:25,0
DA:26,0
DA:27,0
DA:28,0
DA:30,0
DA:31,0
DA:32,0
DA:33,0
DA:34,0
DA:35,0
DA:36,0
DA:41,0
DA:53,0
DA:65,0
DA:71,0
LF:19
LH:0
BRDA:25,0,0,0
BRDA:25,0,1,0
BRDA:33,1,0,0
BRDA:35,2,0,0
BRDA:56,3,0,0
BRDA:56,3,1,0
BRDA:57,4,0,0
BRDA:57,4,1,0
BRDA:65,5,0,0
BRDA:65,5,1,0
BRDA:65,5,2,0
BRDA:78,6,0,0
BRDA:78,6,1,0
BRDA:78,6,2,0
BRDA:79,7,0,0
BRDA:79,7,1,0
BRDA:79,7,2,0
BRDA:82,8,0,0
BRDA:82,8,1,0
BRDA:83,9,0,0
BRDA:83,9,1,0
BRDA:91,10,0,0
BRDA:91,10,1,0
BRDA:91,11,0,0
BRDA:91,11,1,0
BRF:25
BRH:0
end_of_record
TN:
SF:src/core/components/narrative/AudioChip.tsx
FN:12,(anonymous_0)
FN:16,(anonymous_1)
FN:19,(anonymous_2)
FN:20,(anonymous_3)
FN:23,(anonymous_4)
FN:30,(anonymous_5)
FN:39,(anonymous_6)
FN:39,(anonymous_7)
FNF:8
FNH:0
FNDA:0,(anonymous_0)
FNDA:0,(anonymous_1)
FNDA:0,(anonymous_2)
FNDA:0,(anonymous_3)
FNDA:0,(anonymous_4)
FNDA:0,(anonymous_5)
FNDA:0,(anonymous_6)
FNDA:0,(anonymous_7)
DA:1,0
DA:2,0
DA:10,0
DA:12,0
DA:13,0
DA:14,0
DA:16,0
DA:17,0
DA:18,0
DA:19,0
DA:20,0
DA:21,0
DA:22,0
DA:23,0
DA:24,0
DA:25,0
DA:26,0
DA:30,0
DA:31,0
DA:32,0
DA:33,0
DA:34,0
DA:35,0
DA:37,0
DA:38,0
DA:39,0
DA:42,0
DA:60,0
LF:28
LH:0
BRDA:12,0,0,0
BRDA:18,1,0,0
BRDA:26,2,0,0
BRDA:32,3,0,0
BRDA:33,4,0,0
BRDA:37,5,0,0
BRDA:37,6,0,0
BRDA:37,6,1,0
BRDA:45,7,0,0
BRDA:45,7,1,0
BRDA:50,8,0,0
BRDA:50,8,1,0
BRDA:53,9,0,0
BRDA:53,9,1,0
BRDA:54,10,0,0
BRDA:54,10,1,0
BRF:16
BRH:0
end_of_record
TN:
SF:src/core/components/narrative/BasisExplorer.tsx
FN:19,(anonymous_6)
FN:45,solveCoords
FN:60,isStandardBasis
FN:69,(anonymous_9)
FN:71,(anonymous_10)
FN:80,(anonymous_11)
FN:84,(anonymous_12)
FN:100,(anonymous_13)
FN:102,(anonymous_14)
FN:102,(anonymous_15)
FN:107,(anonymous_16)
FN:107,(anonymous_17)
FN:117,(anonymous_18)
FN:127,(anonymous_19)
FN:128,(anonymous_20)
FN:132,(anonymous_21)
FN:140,(anonymous_22)
FN:151,(anonymous_23)
FN:179,(anonymous_24)
FN:184,(anonymous_25)
FN:199,(anonymous_26)
FN:255,(anonymous_27)
FN:263,(anonymous_28)
FN:279,(anonymous_29)
FN:285,(anonymous_30)
FN:304,(anonymous_31)
FN:321,(anonymous_32)
FNF:27
FNH:0
FNDA:0,(anonymous_6)
FNDA:0,solveCoords
FNDA:0,isStandardBasis
FNDA:0,(anonymous_9)
FNDA:0,(anonymous_10)
FNDA:0,(anonymous_11)
FNDA:0,(anonymous_12)
FNDA:0,(anonymous_13)
FNDA:0,(anonymous_14)
FNDA:0,(anonymous_15)
FNDA:0,(anonymous_16)
FNDA:0,(anonymous_17)
FNDA:0,(anonymous_18)
FNDA:0,(anonymous_19)
FNDA:0,(anonymous_20)
FNDA:0,(anonymous_21)
FNDA:0,(anonymous_22)
FNDA:0,(anonymous_23)
FNDA:0,(anonymous_24)
FNDA:0,(anonymous_25)
FNDA:0,(anonymous_26)
FNDA:0,(anonymous_27)
FNDA:0,(anonymous_28)
FNDA:0,(anonymous_29)
FNDA:0,(anonymous_30)
FNDA:0,(anonymous_31)
FNDA:0,(anonymous_32)
DA:1,0
DA:3,0
DA:4,0
DA:16,0
DA:18,0
DA:19,0
DA:29,0
DA:30,0
DA:31,0
DA:33,0
DA:38,0
DA:43,0
DA:53,0
DA:54,0
DA:55,0
DA:56,0
DA:57,0
DA:61,0
DA:69,0
DA:70,0
DA:71,0
DA:72,0
DA:73,0
DA:74,0
DA:76,0
DA:77,0
DA:78,0
DA:79,0
DA:80,0
DA:83,0
DA:84,0
DA:88,0
DA:89,0
DA:91,0
DA:95,0
DA:96,0
DA:97,0
DA:98,0
DA:100,0
DA:101,0
DA:102,0
DA:103,0
DA:104,0
DA:107,0
DA:108,0
DA:109,0
DA:110,0
DA:111,0
DA:112,0
DA:113,0
DA:114,0
DA:117,0
DA:118,0
DA:119,0
DA:120,0
DA:121,0
DA:122,0
DA:123,0
DA:124,0
DA:125,0
DA:126,0
DA:127,0
DA:128,0
DA:132,0
DA:133,0
DA:134,0
DA:135,0
DA:138,0
DA:139,0
DA:140,0
DA:141,0
DA:142,0
DA:143,0
DA:144,0
DA:147,0
DA:148,0
DA:149,0
DA:151,0
DA:152,0
DA:153,0
DA:154,0
DA:155,0
DA:156,0
DA:157,0
DA:158,0
DA:159,0
DA:161,0
DA:164,0
DA:180,0
DA:185,0
DA:186,0
DA:187,0
DA:200,0
DA:201,0
DA:202,0
DA:255,0
DA:263,0
DA:279,0
DA:285,0
DA:304,0
DA:315,0
DA:321,0
DA:328,0
LF:103
LH:0
BRDA:54,0,0,0
BRDA:62,1,0,0
BRDA:62,1,1,0
BRDA:62,1,2,0
BRDA:62,1,3,0
BRDA:69,2,0,0
BRDA:88,3,0,0
BRDA:88,3,1,0
BRDA:89,4,0,0
BRDA:89,4,1,0
BRDA:91,5,0,0
BRDA:91,5,1,0
BRDA:91,5,2,0
BRDA:96,6,0,0
BRDA:96,6,1,0
BRDA:97,7,0,0
BRDA:98,8,0,0
BRDA:102,9,0,0
BRDA:102,9,1,0
BRDA:103,10,0,0
BRDA:103,10,1,0
BRDA:104,11,0,0
BRDA:108,12,0,0
BRDA:112,13,0,0
BRDA:118,14,0,0
BRDA:118,15,0,0
BRDA:118,15,1,0
BRDA:121,16,0,0
BRDA:128,17,0,0
BRDA:128,17,1,0
BRDA:135,18,0,0
BRDA:135,19,0,0
BRDA:135,19,1,0
BRDA:142,20,0,0
BRDA:143,21,0,0
BRDA:144,22,0,0
BRDA:203,23,0,0
BRDA:203,23,1,0
BRDA:210,24,0,0
BRDA:210,24,1,0
BRDA:215,25,0,0
BRDA:215,25,1,0
BRDA:219,26,0,0
BRDA:219,26,1,0
BRDA:257,27,0,0
BRDA:257,27,1,0
BRDA:265,28,0,0
BRDA:265,28,1,0
BRDA:292,29,0,0
BRDA:292,29,1,0
BRDA:321,30,0,0
BRDA:321,30,1,0
BRF:52
BRH:0
end_of_record
TN:
SF:src/core/components/narrative/BeatFlow.tsx
FN:22,lessonHeaderLabel
FN:23,(anonymous_1)
FN:28,BeatFlow
FN:42,(anonymous_3)
FN:46,(anonymous_4)
FN:51,(anonymous_5)
FN:57,(anonymous_6)
FN:58,(anonymous_7)
FN:68,(anonymous_8)
FN:68,(anonymous_9)
FN:69,(anonymous_10)
FN:87,(anonymous_11)
FNF:12
FNH:0
FNDA:0,lessonHeaderLabel
FNDA:0,(anonymous_1)
FNDA:0,BeatFlow
FNDA:0,(anonymous_3)
FNDA:0,(anonymous_4)
FNDA:0,(anonymous_5)
FNDA:0,(anonymous_6)
FNDA:0,(anonymous_7)
FNDA:0,(anonymous_8)
FNDA:0,(anonymous_9)
FNDA:0,(anonymous_10)
FNDA:0,(anonymous_11)
DA:1,0
DA:2,0
DA:3,0
DA:4,0
DA:5,0
DA:6,0
DA:7,0
DA:23,0
DA:24,0
DA:25,0
DA:28,0
DA:29,0
DA:30,0
DA:31,0
DA:32,0
DA:40,0
DA:42,0
DA:43,0
DA:44,0
DA:46,0
DA:47,0
DA:48,0
DA:51,0
DA:52,0
DA:53,0
DA:54,0
DA:57,0
DA:58,0
DA:59,0
DA:60,0
DA:61,0
DA:62,0
DA:64,0
DA:68,0
DA:69,0
DA:70,0
DA:71,0
DA:72,0
DA:73,0
DA:76,0
DA:78,0
DA:88,0
DA:194,0
LF:43
LH:0
BRDA:24,0,0,0
BRDA:24,0,1,0
BRDA:31,1,0,0
BRDA:31,1,1,0
BRDA:52,2,0,0
BRDA:59,3,0,0
BRDA:93,4,0,0
BRDA:93,4,1,0
BRDA:93,5,0,0
BRDA:93,5,1,0
BRDA:94,6,0,0
BRDA:94,6,1,0
BRDA:96,7,0,0
BRDA:96,7,1,0
BRDA:98,8,0,0
BRDA:98,8,1,0
BRDA:101,9,0,0
BRDA:101,9,1,0
BRDA:111,10,0,0
BRDA:111,10,1,0
BRDA:123,11,0,0
BRDA:123,11,1,0
BRDA:138,12,0,0
BRDA:138,12,1,0
BRDA:148,13,0,0
BRDA:148,13,1,0
BRDA:163,14,0,0
BRDA:163,14,1,0
BRDA:167,15,0,0
BRDA:167,15,1,0
BRF:30
BRH:0
end_of_record
TN:
SF:src/core/components/narrative/BeatLessonView.tsx
FN:10,BeatLessonView
FNF:1
FNH:0
FNDA:0,BeatLessonView
DA:1,0
DA:2,0
DA:10,0
DA:11,0
DA:18,0
LF:5
LH:0
BRF:0
BRH:0
end_of_record
TN:
SF:src/core/components/narrative/CoupledVisual.tsx
FN:31,deepLerp
FN:36,(anonymous_1)
FN:49,resolvePassageStates
FN:51,(anonymous_3)
FN:57,CoupledVisual
FN:65,(anonymous_5)
FN:74,(anonymous_6)
FN:77,(anonymous_7)
FN:98,(anonymous_8)
FN:99,(anonymous_9)
FN:105,(anonymous_10)
FN:115,(anonymous_11)
FN:118,(anonymous_12)
FNF:13
FNH:0
FNDA:0,deepLerp
FNDA:0,(anonymous_1)
FNDA:0,resolvePassageStates
FNDA:0,(anonymous_3)
FNDA:0,CoupledVisual
FNDA:0,(anonymous_5)
FNDA:0,(anonymous_6)
FNDA:0,(anonymous_7)
FNDA:0,(anonymous_8)
FNDA:0,(anonymous_9)
FNDA:0,(anonymous_10)
FNDA:0,(anonymous_11)
FNDA:0,(anonymous_12)
DA:1,0
DA:2,0
DA:3,0
DA:31,0
DA:32,0
DA:33,0
DA:35,0
DA:36,0
DA:38,0
DA:39,0
DA:40,0
DA:41,0
DA:43,0
DA:45,0
DA:49,0
DA:50,0
DA:51,0
DA:52,0
DA:53,0
DA:57,0
DA:64,0
DA:65,0
DA:69,0
DA:70,0
DA:71,0
DA:72,0
DA:74,0
DA:75,0
DA:76,0
DA:77,0
DA:78,0
DA:79,0
DA:80,0
DA:82,0
DA:84,0
DA:85,0
DA:87,0
DA:88,0
DA:89,0
DA:90,0
DA:91,0
DA:93,0
DA:94,0
DA:95,0
DA:98,0
DA:99,0
DA:100,0
DA:102,0
DA:103,0
DA:104,0
DA:105,0
DA:106,0
DA:107,0
DA:108,0
DA:112,0
DA:116,0
DA:118,0
DA:160,0
LF:58
LH:0
BRDA:32,0,0,0
BRDA:32,1,0,0
BRDA:32,1,1,0
BRDA:35,2,0,0
BRDA:35,3,0,0
BRDA:35,3,1,0
BRDA:38,4,0,0
BRDA:38,5,0,0
BRDA:38,5,1,0
BRDA:38,5,2,0
BRDA:38,5,3,0
BRDA:45,6,0,0
BRDA:45,6,1,0
BRDA:52,7,0,0
BRDA:60,8,0,0
BRDA:65,9,0,0
BRDA:65,9,1,0
BRDA:78,10,0,0
BRDA:82,11,0,0
BRDA:85,12,0,0
BRDA:85,12,1,0
BRDA:90,13,0,0
BRDA:90,14,0,0
BRDA:90,14,1,0
BRDA:95,15,0,0
BRDA:95,15,1,0
BRDA:100,16,0,0
BRDA:108,17,0,0
BRDA:113,18,0,0
BRDA:113,18,1,0
BRDA:121,19,0,0
BRDA:121,19,1,0
BRDA:124,20,0,0
BRDA:124,20,1,0
BRDA:125,21,0,0
BRDA:125,21,1,0
BRDA:128,22,0,0
BRDA:128,22,1,0
BRDA:134,23,0,0
BRDA:134,23,1,0
BRDA:134,24,0,0
BRDA:134,24,1,0
BRDA:136,25,0,0
BRDA:136,25,1,0
BRF:44
BRH:0
end_of_record
TN:
SF:src/core/components/narrative/DotProductExplorer.tsx
FN:26,(anonymous_6)
FN:71,similarity
FN:95,(anonymous_8)
FN:103,(anonymous_9)
FN:103,(anonymous_10)
FN:112,(anonymous_11)
FN:122,(anonymous_12)
FN:123,(anonymous_13)
FN:129,(anonymous_14)
FN:137,(anonymous_15)
FN:145,(anonymous_16)
FN:145,(anonymous_17)
FN:152,(anonymous_18)
FN:181,(anonymous_19)
FN:203,(anonymous_20)
FN:291,(anonymous_21)
FN:300,(anonymous_22)
FN:302,(anonymous_23)
FN:302,(anonymous_24)
FN:311,(anonymous_25)
FN:313,(anonymous_26)
FN:313,(anonymous_27)
FN:327,(anonymous_28)
FN:330,(anonymous_29)
FN:348,(anonymous_30)
FN:361,(anonymous_31)
FNF:26
FNH:0
FNDA:0,(anonymous_6)
FNDA:0,similarity
FNDA:0,(anonymous_8)
FNDA:0,(anonymous_9)
FNDA:0,(anonymous_10)
FNDA:0,(anonymous_11)
FNDA:0,(anonymous_12)
FNDA:0,(anonymous_13)
FNDA:0,(anonymous_14)
FNDA:0,(anonymous_15)
FNDA:0,(anonymous_16)
FNDA:0,(anonymous_17)
FNDA:0,(anonymous_18)
FNDA:0,(anonymous_19)
FNDA:0,(anonymous_20)
FNDA:0,(anonymous_21)
FNDA:0,(anonymous_22)
FNDA:0,(anonymous_23)
FNDA:0,(anonymous_24)
FNDA:0,(anonymous_25)
FNDA:0,(anonymous_26)
FNDA:0,(anonymous_27)
FNDA:0,(anonymous_28)
FNDA:0,(anonymous_29)
FNDA:0,(anonymous_30)
FNDA:0,(anonymous_31)
DA:1,0
DA:3,0
DA:4,0
DA:24,0
DA:26,0
DA:39,0
DA:40,0
DA:42,0
DA:48,0
DA:72,0
DA:73,0
DA:74,0
DA:75,0
DA:77,0
DA:78,0
DA:79,0
DA:80,0
DA:83,0
DA:89,0
DA:95,0
DA:96,0
DA:97,0
DA:98,0
DA:100,0
DA:101,0
DA:103,0
DA:104,0
DA:105,0
DA:106,0
DA:107,0
DA:108,0
DA:109,0
DA:112,0
DA:113,0
DA:114,0
DA:115,0
DA:116,0
DA:117,0
DA:118,0
DA:119,0
DA:120,0
DA:121,0
DA:122,0
DA:123,0
DA:124,0
DA:129,0
DA:130,0
DA:131,0
DA:132,0
DA:133,0
DA:137,0
DA:138,0
DA:139,0
DA:145,0
DA:147,0
DA:150,0
DA:151,0
DA:152,0
DA:153,0
DA:156,0
DA:157,0
DA:158,0
DA:161,0
DA:163,0
DA:182,0
DA:183,0
DA:184,0
DA:204,0
DA:205,0
DA:206,0
DA:207,0
DA:292,0
DA:301,0
DA:302,0
DA:312,0
DA:313,0
DA:328,0
DA:330,0
DA:348,0
DA:349,0
DA:361,0
DA:362,0
DA:363,0
DA:364,0
DA:365,0
DA:367,0
DA:368,0
DA:369,0
DA:370,0
DA:372,0
DA:373,0
DA:374,0
DA:375,0
DA:376,0
DA:377,0
DA:378,0
DA:379,0
DA:395,0
LF:98
LH:0
BRDA:75,0,0,0
BRDA:75,0,1,0
BRDA:75,1,0,0
BRDA:75,1,1,0
BRDA:78,2,0,0
BRDA:78,2,1,0
BRDA:79,3,0,0
BRDA:95,4,0,0
BRDA:107,5,0,0
BRDA:113,6,0,0
BRDA:116,7,0,0
BRDA:124,8,0,0
BRDA:124,8,1,0
BRDA:132,9,0,0
BRDA:132,10,0,0
BRDA:132,10,1,0
BRDA:186,11,0,0
BRDA:186,11,1,0
BRDA:187,12,0,0
BRDA:187,12,1,0
BRDA:198,13,0,0
BRDA:198,13,1,0
BRDA:198,13,2,0
BRDA:215,14,0,0
BRDA:215,14,1,0
BRDA:216,15,0,0
BRDA:216,15,1,0
BRDA:224,16,0,0
BRDA:224,16,1,0
BRDA:233,17,0,0
BRDA:233,17,1,0
BRDA:271,18,0,0
BRDA:271,18,1,0
BRDA:272,19,0,0
BRDA:272,19,1,0
BRDA:301,20,0,0
BRDA:301,20,1,0
BRDA:302,21,0,0
BRDA:302,21,1,0
BRDA:312,22,0,0
BRDA:312,22,1,0
BRDA:313,23,0,0
BRDA:313,23,1,0
BRDA:376,24,0,0
BRDA:376,24,1,0
BRF:45
BRH:0
end_of_record
TN:
SF:src/core/components/narrative/ForestMappingExplorer.tsx
FN:28,(anonymous_6)
FN:29,(anonymous_7)
FN:76,solveCoordinates
FN:84,(anonymous_9)
FN:97,(anonymous_10)
FN:99,(anonymous_11)
FN:130,(anonymous_12)
FN:131,(anonymous_13)
FN:140,(anonymous_14)
FN:152,(anonymous_15)
FN:157,(anonymous_16)
FN:165,(anonymous_17)
FN:179,(anonymous_18)
FN:180,(anonymous_19)
FN:187,(anonymous_20)
FN:195,(anonymous_21)
FN:203,(anonymous_22)
FN:215,(anonymous_23)
FN:232,(anonymous_24)
FN:247,(anonymous_25)
FN:271,(anonymous_26)
FN:285,(anonymous_27)
FN:303,(anonymous_28)
FN:306,(anonymous_29)
FN:341,(anonymous_30)
FN:352,(anonymous_31)
FN:389,(anonymous_32)
FN:399,(anonymous_33)
FN:431,(anonymous_34)
FN:434,(anonymous_35)
FN:443,(anonymous_36)
FN:449,(anonymous_37)
FN:456,(anonymous_38)
FN:458,(anonymous_39)
FNF:34
FNH:0
FNDA:0,(anonymous_6)
FNDA:0,(anonymous_7)
FNDA:0,solveCoordinates
FNDA:0,(anonymous_9)
FNDA:0,(anonymous_10)
FNDA:0,(anonymous_11)
FNDA:0,(anonymous_12)
FNDA:0,(anonymous_13)
FNDA:0,(anonymous_14)
FNDA:0,(anonymous_15)
FNDA:0,(anonymous_16)
FNDA:0,(anonymous_17)
FNDA:0,(anonymous_18)
FNDA:0,(anonymous_19)
FNDA:0,(anonymous_20)
FNDA:0,(anonymous_21)
FNDA:0,(anonymous_22)
FNDA:0,(anonymous_23)
FNDA:0,(anonymous_24)
FNDA:0,(anonymous_25)
FNDA:0,(anonymous_26)
FNDA:0,(anonymous_27)
FNDA:0,(anonymous_28)
FNDA:0,(anonymous_29)
FNDA:0,(anonymous_30)
FNDA:0,(anonymous_31)
FNDA:0,(anonymous_32)
FNDA:0,(anonymous_33)
FNDA:0,(anonymous_34)
FNDA:0,(anonymous_35)
FNDA:0,(anonymous_36)
FNDA:0,(anonymous_37)
FNDA:0,(anonymous_38)
FNDA:0,(anonymous_39)
DA:1,1
DA:2,1
DA:3,1
DA:4,1
DA:5,1
DA:22,1
DA:24,1
DA:25,1
DA:26,1
DA:27,1
DA:28,1
DA:29,1
DA:47,1
DA:77,0
DA:78,0
DA:79,0
DA:80,0
DA:81,0
DA:84,1
DA:88,0
DA:89,0
DA:90,0
DA:93,0
DA:94,0
DA:95,0
DA:97,0
DA:98,0
DA:99,0
DA:102,0
DA:103,0
DA:104,0
DA:105,0
DA:108,0
DA:112,0
DA:113,0
DA:114,0
DA:117,0
DA:118,0
DA:119,0
DA:120,0
DA:121,0
DA:122,0
DA:123,0
DA:125,0
DA:126,0
DA:127,0
DA:130,0
DA:131,0
DA:132,0
DA:133,0
DA:134,0
DA:135,0
DA:136,0
DA:140,0
DA:141,0
DA:142,0
DA:152,0
DA:153,0
DA:154,0
DA:157,0
DA:158,0
DA:164,0
DA:166,0
DA:167,0
DA:168,0
DA:169,0
DA:170,0
DA:171,0
DA:172,0
DA:174,0
DA:175,0
DA:176,0
DA:177,0
DA:178,0
DA:179,0
DA:180,0
DA:187,0
DA:188,0
DA:189,0
DA:190,0
DA:191,0
DA:194,0
DA:195,0
DA:203,0
DA:204,0
DA:216,0
DA:217,0
DA:218,0
DA:233,0
DA:234,0
DA:247,0
DA:248,0
DA:263,0
DA:271,0
DA:286,0
DA:287,0
DA:288,0
DA:289,0
DA:303,0
DA:306,0
DA:342,0
DA:343,0
DA:344,0
DA:345,0
DA:352,0
DA:390,0
DA:391,0
DA:392,0
DA:400,0
DA:401,0
DA:402,0
DA:403,0
DA:431,0
DA:434,0
DA:444,0
DA:445,0
DA:446,0
DA:450,0
DA:457,0
DA:458,0
DA:495,1
LF:121
LH:15
BRDA:78,0,0,0
BRDA:86,1,0,0
BRDA:123,2,0,0
BRDA:123,2,1,0
BRDA:133,3,0,0
BRDA:134,4,0,0
BRDA:135,5,0,0
BRDA:136,6,0,0
BRDA:136,6,1,0
BRDA:167,7,0,0
BRDA:174,8,0,0
BRDA:174,8,1,0
BRDA:176,9,0,0
BRDA:176,9,1,0
BRDA:178,10,0,0
BRDA:180,11,0,0
BRDA:180,11,1,0
BRDA:191,12,0,0
BRDA:191,13,0,0
BRDA:191,13,1,0
BRDA:220,14,0,0
BRDA:220,14,1,0
BRDA:221,15,0,0
BRDA:221,15,1,0
BRDA:236,16,0,0
BRDA:236,16,1,0
BRDA:243,17,0,0
BRDA:243,17,1,0
BRDA:251,18,0,0
BRDA:251,18,1,0
BRDA:251,19,0,0
BRDA:251,19,1,0
BRDA:253,20,0,0
BRDA:253,20,1,0
BRDA:258,21,0,0
BRDA:258,21,1,0
BRDA:258,22,0,0
BRDA:258,22,1,0
BRDA:259,23,0,0
BRDA:259,23,1,0
BRDA:259,24,0,0
BRDA:259,24,1,0
BRDA:299,25,0,0
BRDA:299,25,1,0
BRDA:301,26,0,0
BRDA:301,26,1,0
BRDA:304,27,0,0
BRDA:304,27,1,0
BRDA:326,28,0,0
BRDA:326,28,1,0
BRDA:327,29,0,0
BRDA:327,29,1,0
BRDA:349,30,0,0
BRDA:349,30,1,0
BRDA:370,31,0,0
BRDA:370,31,1,0
BRDA:372,32,0,0
BRDA:372,32,1,0
BRDA:397,33,0,0
BRDA:397,33,1,0
BRDA:402,34,0,0
BRDA:402,34,1,0
BRDA:431,35,0,0
BRDA:431,35,1,0
BRDA:434,36,0,0
BRDA:434,36,1,0
BRDA:439,37,0,0
BRDA:439,37,1,0
BRDA:444,38,0,0
BRDA:444,38,1,0
BRDA:445,39,0,0
BRDA:445,39,1,0
BRDA:448,40,0,0
BRDA:448,40,1,0
BRDA:457,41,0,0
BRDA:457,41,1,0
BRDA:458,42,0,0
BRDA:458,42,1,0
BRDA:461,43,0,0
BRDA:461,43,1,0
BRDA:475,44,0,0
BRDA:475,44,1,0
BRDA:476,45,0,0
BRDA:476,45,1,0
BRDA:476,46,0,0
BRDA:476,46,1,0
BRDA:477,47,0,0
BRDA:477,47,1,0
BRDA:485,48,0,0
BRDA:485,48,1,0
BRF:90
BRH:0
end_of_record
TN:
SF:src/core/components/narrative/LessonBeat.tsx
FN:28,LessonBeat
FN:31,(anonymous_1)
FN:43,(anonymous_2)
FN:55,(anonymous_3)
FN:60,(anonymous_4)
FN:140,(anonymous_5)
FN:169,CheckBlock
FN:193,(anonymous_7)
FN:206,(anonymous_8)
FN:227,(anonymous_9)
FN:248,DoBody
FN:252,(anonymous_11)
FN:267,(anonymous_12)
FN:288,(anonymous_13)
FN:289,(anonymous_14)
FNF:15
FNH:0
FNDA:0,LessonBeat
FNDA:0,(anonymous_1)
FNDA:0,(anonymous_2)
FNDA:0,(anonymous_3)
FNDA:0,(anonymous_4)
FNDA:0,(anonymous_5)
FNDA:0,CheckBlock
FNDA:0,(anonymous_7)
FNDA:0,(anonymous_8)
FNDA:0,(anonymous_9)
FNDA:0,DoBody
FNDA:0,(anonymous_11)
FNDA:0,(anonymous_12)
FNDA:0,(anonymous_13)
FNDA:0,(anonymous_14)
DA:1,0
DA:2,0
DA:3,0
DA:4,0
DA:5,0
DA:6,0
DA:7,0
DA:28,0
DA:29,0
DA:31,0
DA:32,0
DA:43,0
DA:44,0
DA:56,0
DA:57,0
DA:60,0
DA:82,0
DA:84,0
DA:85,0
DA:86,0
DA:87,0
DA:89,0
DA:105,0
DA:114,0
DA:126,0
DA:141,0
DA:163,0
DA:164,0
DA:170,0
DA:171,0
DA:172,0
DA:173,0
DA:185,0
DA:186,0
DA:188,0
DA:194,0
DA:195,0
DA:202,0
DA:206,0
DA:227,0
DA:249,0
DA:250,0
DA:251,0
DA:252,0
DA:253,0
DA:255,0
DA:256,0
DA:259,0
DA:268,0
DA:269,0
DA:289,0
DA:316,0
LF:52
LH:0
BRDA:32,0,0,0
BRDA:32,0,1,0
BRDA:32,1,0,0
BRDA:32,1,1,0
BRDA:34,2,0,0
BRDA:34,2,1,0
BRDA:39,3,0,0
BRDA:39,3,1,0
BRDA:44,4,0,0
BRDA:44,4,1,0
BRDA:64,5,0,0
BRDA:64,5,1,0
BRDA:65,6,0,0
BRDA:65,6,1,0
BRDA:66,7,0,0
BRDA:66,7,1,0
BRDA:74,8,0,0
BRDA:74,8,1,0
BRDA:76,9,0,0
BRDA:76,9,1,0
BRDA:82,10,0,0
BRDA:82,10,1,0
BRDA:82,10,2,0
BRDA:82,10,3,0
BRDA:82,10,4,0
BRDA:119,11,0,0
BRDA:119,11,1,0
BRDA:138,12,0,0
BRDA:138,12,1,0
BRDA:138,12,2,0
BRDA:149,13,0,0
BRDA:149,13,1,0
BRDA:171,14,0,0
BRDA:172,15,0,0
BRDA:195,16,0,0
BRDA:195,16,1,0
BRDA:197,17,0,0
BRDA:197,17,1,0
BRDA:199,18,0,0
BRDA:199,18,1,0
BRDA:216,19,0,0
BRDA:216,19,1,0
BRDA:220,20,0,0
BRDA:220,20,1,0
BRDA:223,21,0,0
BRDA:223,21,1,0
BRDA:225,22,0,0
BRDA:225,22,1,0
BRDA:236,23,0,0
BRDA:236,23,1,0
BRDA:236,23,2,0
BRDA:251,24,0,0
BRDA:251,24,1,0
BRDA:255,25,0,0
BRDA:261,26,0,0
BRDA:261,26,1,0
BRDA:265,27,0,0
BRDA:265,27,1,0
BRDA:274,28,0,0
BRDA:274,28,1,0
BRDA:277,29,0,0
BRDA:277,29,1,0
BRDA:289,30,0,0
BRDA:289,30,1,0
BRDA:295,31,0,0
BRDA:295,31,1,0
BRDA:297,32,0,0
BRDA:297,32,1,0
BRDA:297,32,2,0
BRDA:304,33,0,0
BRDA:304,33,1,0
BRDA:307,34,0,0
BRDA:307,34,1,0
BRDA:307,35,0,0
BRDA:307,35,1,0
BRF:75
BRH:0
end_of_record
TN:
SF:src/core/components/narrative/LessonStage.tsx
FN:10,(anonymous_0)
FNF:1
FNH:0
FNDA:0,(anonymous_0)
DA:2,0
DA:10,0
DA:19,0
DA:24,0
LF:4
LH:0
BRF:0
BRH:0
end_of_record
TN:
SF:src/core/components/narrative/Prose.tsx
FN:18,(anonymous_1)
FN:20,renderMath
FN:31,parseInline
FN:63,pushParagraphs
FN:66,(anonymous_5)
FN:68,(anonymous_6)
FN:84,Prose
FNF:7
FNH:7
FNDA:9,(anonymous_1)
FNDA:2,renderMath
FNDA:11,parseInline
FNDA:3,pushParagraphs
FNDA:6,(anonymous_5)
FNDA:4,(anonymous_6)
FNDA:2,Prose
DA:2,1
DA:17,1
DA:18,9
DA:21,2
DA:22,2
DA:24,0
DA:28,1
DA:31,1
DA:32,11
DA:33,11
DA:35,11
DA:36,5
DA:37,5
DA:38,5
DA:39,2
DA:40,3
DA:41,1
DA:42,2
DA:43,1
DA:48,1
DA:49,1
DA:57,5
DA:59,11
DA:60,11
DA:64,3
DA:66,6
DA:68,3
DA:69,4
DA:84,1
DA:85,2
DA:86,2
DA:87,2
DA:89,2
DA:90,2
DA:91,1
DA:92,1
DA:99,1
DA:101,2
DA:102,2
DA:105,1
LF:40
LH:39
BRDA:37,0,0,5
BRDA:38,1,0,2
BRDA:38,1,1,3
BRDA:40,2,0,1
BRDA:40,2,1,2
BRDA:42,3,0,1
BRDA:42,3,1,1
BRDA:48,4,0,1
BRDA:59,5,0,7
BRDA:91,6,0,1
BRDA:101,7,0,2
BRF:11
BRH:11
end_of_record
TN:
SF:src/core/components/narrative/SpanExplorer.tsx
FN:17,(anonymous_6)
FN:36,classifyTone
FN:45,(anonymous_8)
FN:60,(anonymous_9)
FN:60,(anonymous_10)
FN:69,(anonymous_11)
FN:79,(anonymous_12)
FN:80,(anonymous_13)
FN:84,(anonymous_14)
FN:92,(anonymous_15)
FN:133,(anonymous_16)
FN:150,(anonymous_17)
FN:165,(anonymous_18)
FN:172,(anonymous_19)
FN:249,(anonymous_20)
FN:271,(anonymous_21)
FNF:16
FNH:0
FNDA:0,(anonymous_6)
FNDA:0,classifyTone
FNDA:0,(anonymous_8)
FNDA:0,(anonymous_9)
FNDA:0,(anonymous_10)
FNDA:0,(anonymous_11)
FNDA:0,(anonymous_12)
FNDA:0,(anonymous_13)
FNDA:0,(anonymous_14)
FNDA:0,(anonymous_15)
FNDA:0,(anonymous_16)
FNDA:0,(anonymous_17)
FNDA:0,(anonymous_18)
FNDA:0,(anonymous_19)
FNDA:0,(anonymous_20)
FNDA:0,(anonymous_21)
DA:1,0
DA:3,0
DA:4,0
DA:16,0
DA:17,0
DA:27,0
DA:28,0
DA:29,0
DA:31,0
DA:37,0
DA:38,0
DA:39,0
DA:40,0
DA:41,0
DA:42,0
DA:45,0
DA:46,0
DA:47,0
DA:48,0
DA:49,0
DA:50,0
DA:52,0
DA:53,0
DA:54,0
DA:55,0
DA:56,0
DA:57,0
DA:58,0
DA:60,0
DA:61,0
DA:62,0
DA:63,0
DA:64,0
DA:65,0
DA:66,0
DA:69,0
DA:70,0
DA:71,0
DA:72,0
DA:73,0
DA:74,0
DA:75,0
DA:76,0
DA:77,0
DA:78,0
DA:79,0
DA:80,0
DA:84,0
DA:85,0
DA:86,0
DA:87,0
DA:90,0
DA:91,0
DA:92,0
DA:93,0
DA:94,0
DA:97,0
DA:98,0
DA:101,0
DA:102,0
DA:103,0
DA:104,0
DA:108,0
DA:117,0
DA:134,0
DA:135,0
DA:136,0
DA:150,0
DA:165,0
DA:173,0
DA:174,0
DA:175,0
DA:249,0
DA:260,0
DA:271,0
DA:278,0
LF:76
LH:0
BRDA:37,0,0,0
BRDA:37,1,0,0
BRDA:37,1,1,0
BRDA:38,2,0,0
BRDA:38,3,0,0
BRDA:38,3,1,0
BRDA:39,4,0,0
BRDA:39,5,0,0
BRDA:39,5,1,0
BRDA:40,6,0,0
BRDA:41,7,0,0
BRDA:41,8,0,0
BRDA:41,8,1,0
BRDA:45,9,0,0
BRDA:64,10,0,0
BRDA:70,11,0,0
BRDA:73,12,0,0
BRDA:80,13,0,0
BRDA:80,13,1,0
BRDA:87,14,0,0
BRDA:87,15,0,0
BRDA:87,15,1,0
BRDA:97,16,0,0
BRDA:98,17,0,0
BRDA:98,18,0,0
BRDA:98,18,1,0
BRDA:108,19,0,0
BRDA:108,19,1,0
BRDA:108,20,0,0
BRDA:108,20,1,0
BRDA:108,20,2,0
BRDA:138,21,0,0
BRDA:138,21,1,0
BRDA:139,22,0,0
BRDA:139,22,1,0
BRDA:148,23,0,0
BRDA:148,23,1,0
BRDA:157,24,0,0
BRDA:157,24,1,0
BRDA:183,25,0,0
BRDA:183,25,1,0
BRDA:184,26,0,0
BRDA:184,26,1,0
BRDA:192,27,0,0
BRDA:192,27,1,0
BRDA:206,28,0,0
BRDA:206,28,1,0
BRDA:240,29,0,0
BRDA:240,29,1,0
BRF:49
BRH:0
end_of_record
TN:
SF:src/core/components/narrative/VectorAdditionExplorer.tsx
FN:29,classify
FN:38,(anonymous_7)
FN:53,(anonymous_8)
FN:57,(anonymous_9)
FN:57,(anonymous_10)
FN:63,(anonymous_11)
FN:69,(anonymous_12)
FN:70,(anonymous_13)
FN:74,(anonymous_14)
FN:97,(anonymous_15)
FN:116,(anonymous_16)
FNF:11
FNH:0
FNDA:0,classify
FNDA:0,(anonymous_7)
FNDA:0,(anonymous_8)
FNDA:0,(anonymous_9)
FNDA:0,(anonymous_10)
FNDA:0,(anonymous_11)
FNDA:0,(anonymous_12)
FNDA:0,(anonymous_13)
FNDA:0,(anonymous_14)
FNDA:0,(anonymous_15)
FNDA:0,(anonymous_16)
DA:1,0
DA:3,0
DA:4,0
DA:16,0
DA:18,0
DA:19,0
DA:20,0
DA:30,0
DA:31,0
DA:32,0
DA:33,0
DA:34,0
DA:35,0
DA:38,0
DA:39,0
DA:43,0
DA:44,0
DA:45,0
DA:46,0
DA:48,0
DA:49,0
DA:50,0
DA:51,0
DA:53,0
DA:54,0
DA:57,0
DA:58,0
DA:59,0
DA:60,0
DA:63,0
DA:64,0
DA:65,0
DA:66,0
DA:67,0
DA:68,0
DA:69,0
DA:70,0
DA:74,0
DA:75,0
DA:76,0
DA:79,0
DA:80,0
DA:81,0
DA:82,0
DA:84,0
DA:98,0
DA:99,0
DA:100,0
DA:117,0
DA:118,0
DA:149,0
LF:51
LH:0
BRDA:32,0,0,0
BRDA:32,1,0,0
BRDA:32,1,1,0
BRDA:33,2,0,0
BRDA:33,3,0,0
BRDA:33,3,1,0
BRDA:34,4,0,0
BRDA:38,5,0,0
BRDA:64,6,0,0
BRDA:64,7,0,0
BRDA:64,7,1,0
BRDA:70,8,0,0
BRDA:70,8,1,0
BRDA:102,9,0,0
BRDA:102,9,1,0
BRDA:103,10,0,0
BRDA:103,10,1,0
BRDA:123,11,0,0
BRDA:123,11,1,0
BRF:19
BRH:0
end_of_record
TN:
SF:src/core/components/narrative/VectorArrow.tsx
FN:17,VectorArrow
FNF:1
FNH:0
FNDA:0,VectorArrow
DA:17,1
DA:27,0
DA:28,0
DA:29,0
DA:30,0
DA:32,0
DA:33,0
DA:34,0
DA:35,0
DA:37,0
DA:38,0
DA:39,0
DA:40,0
DA:42,0
DA:43,0
DA:44,0
DA:45,0
DA:46,0
DA:47,0
DA:49,0
DA:51,0
LF:21
LH:1
BRDA:23,0,0,0
BRDA:30,1,0,0
BRDA:53,2,0,0
BRDA:53,2,1,0
BRF:4
BRH:0
end_of_record
TN:
SF:src/core/components/narrative/VectorBasicsExplorer.tsx
FN:19,(anonymous_6)
FN:21,classify
FN:29,(anonymous_8)
FN:39,(anonymous_9)
FN:43,(anonymous_10)
FN:49,(anonymous_11)
FN:57,(anonymous_12)
FN:78,(anonymous_13)
FNF:8
FNH:0
FNDA:0,(anonymous_6)
FNDA:0,classify
FNDA:0,(anonymous_8)
FNDA:0,(anonymous_9)
FNDA:0,(anonymous_10)
FNDA:0,(anonymous_11)
FNDA:0,(anonymous_12)
FNDA:0,(anonymous_13)
DA:1,0
DA:3,0
DA:4,0
DA:16,0
DA:18,0
DA:19,0
DA:22,0
DA:23,0
DA:24,0
DA:25,0
DA:26,0
DA:29,0
DA:30,0
DA:31,0
DA:32,0
DA:33,0
DA:34,0
DA:36,0
DA:37,0
DA:39,0
DA:40,0
DA:43,0
DA:44,0
DA:45,0
DA:46,0
DA:49,0
DA:50,0
DA:51,0
DA:52,0
DA:53,0
DA:54,0
DA:57,0
DA:58,0
DA:59,0
DA:62,0
DA:63,0
DA:65,0
DA:79,0
DA:80,0
DA:81,0
DA:128,0
LF:41
LH:0
BRDA:23,0,0,0
BRDA:23,1,0,0
BRDA:23,1,1,0
BRDA:23,1,2,0
BRDA:23,1,3,0
BRDA:24,2,0,0
BRDA:24,3,0,0
BRDA:24,3,1,0
BRDA:25,4,0,0
BRDA:25,5,0,0
BRDA:25,5,1,0
BRDA:29,6,0,0
BRDA:50,7,0,0
BRDA:50,8,0,0
BRDA:50,8,1,0
BRDA:83,9,0,0
BRDA:83,9,1,0
BRDA:84,10,0,0
BRDA:84,10,1,0
BRDA:96,11,0,0
BRDA:96,11,1,0
BRDA:104,12,0,0
BRDA:104,12,1,0
BRF:23
BRH:0
end_of_record
TN:
SF:src/core/components/narrative/VectorNormsExplorer.tsx
FN:20,(anonymous_6)
FN:21,(anonymous_7)
FN:22,(anonymous_8)
FN:24,classify
FN:32,(anonymous_10)
FN:41,(anonymous_11)
FN:45,(anonymous_12)
FN:51,(anonymous_13)
FN:59,(anonymous_14)
FN:80,(anonymous_15)
FNF:10
FNH:0
FNDA:0,(anonymous_6)
FNDA:0,(anonymous_7)
FNDA:0,(anonymous_8)
FNDA:0,classify
FNDA:0,(anonymous_10)
FNDA:0,(anonymous_11)
FNDA:0,(anonymous_12)
FNDA:0,(anonymous_13)
FNDA:0,(anonymous_14)
FNDA:0,(anonymous_15)
DA:1,0
DA:3,0
DA:4,0
DA:17,0
DA:19,0
DA:20,0
DA:21,0
DA:22,0
DA:25,0
DA:26,0
DA:27,0
DA:28,0
DA:29,0
DA:32,0
DA:33,0
DA:34,0
DA:35,0
DA:36,0
DA:37,0
DA:39,0
DA:41,0
DA:42,0
DA:45,0
DA:46,0
DA:47,0
DA:48,0
DA:51,0
DA:52,0
DA:53,0
DA:54,0
DA:55,0
DA:56,0
DA:59,0
DA:60,0
DA:61,0
DA:64,0
DA:65,0
DA:67,0
DA:81,0
DA:82,0
DA:83,0
DA:139,0
LF:42
LH:0
BRDA:26,0,0,0
BRDA:26,1,0,0
BRDA:26,1,1,0
BRDA:26,1,2,0
BRDA:26,1,3,0
BRDA:27,2,0,0
BRDA:27,3,0,0
BRDA:27,3,1,0
BRDA:28,4,0,0
BRDA:28,5,0,0
BRDA:28,5,1,0
BRDA:32,6,0,0
BRDA:52,7,0,0
BRDA:52,8,0,0
BRDA:52,8,1,0
BRDA:85,9,0,0
BRDA:85,9,1,0
BRDA:86,10,0,0
BRDA:86,10,1,0
BRDA:107,11,0,0
BRDA:107,11,1,0
BRDA:112,12,0,0
BRDA:112,12,1,0
BRF:23
BRH:0
end_of_record
TN:
SF:src/core/components/narrative/VectorVisual.tsx
FN:6,(anonymous_1)
FN:7,(anonymous_2)
FNF:2
FNH:0
FNDA:0,(anonymous_1)
FNDA:0,(anonymous_2)
DA:6,0
DA:7,0
LF:2
LH:0
BRF:0
BRH:0
end_of_record
TN:
SF:src/core/components/narrative/interactives.tsx
FN:23,(anonymous_1)
FN:29,(anonymous_2)
FNF:2
FNH:0
FNDA:0,(anonymous_1)
FNDA:0,(anonymous_2)
DA:2,0
DA:3,0
DA:4,0
DA:5,0
DA:6,0
DA:7,0
DA:8,0
DA:9,0
DA:10,0
DA:23,0
DA:24,0
DA:29,0
DA:30,0
DA:39,0
LF:14
LH:0
BRF:0
BRH:0
end_of_record
TN:
SF:src/core/components/narrative/plotCoords.ts
FN:21,createPlotCoords
FN:25,(anonymous_1)
FN:30,(anonymous_2)
FN:35,(anonymous_3)
FN:40,(anonymous_4)
FN:41,(anonymous_5)
FN:42,(anonymous_6)
FNF:7
FNH:2
FNDA:1,createPlotCoords
FNDA:0,(anonymous_1)
FNDA:0,(anonymous_2)
FNDA:0,(anonymous_3)
FNDA:21,(anonymous_4)
FNDA:0,(anonymous_5)
FNDA:0,(anonymous_6)
DA:21,1
DA:22,1
DA:23,1
DA:25,1
DA:30,1
DA:35,1
DA:40,21
DA:41,1
DA:42,1
DA:47,1
DA:61,1
DA:62,1
LF:12
LH:12
BRF:0
BRH:0
end_of_record
TN:
SF:src/core/components/narrative/visualRegistry.tsx
FN:14,resolveReadOnlyRenderer
FN:17,(anonymous_1)
FN:20,resolveInterpolate
FN:31,resolveDefaultState
FN:36,resolveBeatVisual
FN:43,(anonymous_5)
FNF:6
FNH:0
FNDA:0,resolveReadOnlyRenderer
FNDA:0,(anonymous_1)
FNDA:0,resolveInterpolate
FNDA:0,resolveDefaultState
FNDA:0,resolveBeatVisual
FNDA:0,(anonymous_5)
DA:2,0
DA:3,0
DA:6,0
DA:14,0
DA:15,0
DA:16,0
DA:17,0
DA:20,0
DA:24,0
DA:25,0
DA:26,0
DA:28,0
DA:31,0
DA:32,0
DA:33,0
DA:36,0
DA:40,0
DA:43,0
LF:18
LH:0
BRDA:15,0,0,0
BRDA:24,1,0,0
BRDA:25,2,0,0
BRDA:26,3,0,0
BRDA:26,3,1,0
BRDA:32,4,0,0
BRDA:40,5,0,0
BRDA:40,5,1,0
BRF:8
BRH:0
end_of_record
TN:
SF:src/core/components/narrative/primitives/vectorPlot.tsx
FN:41,(anonymous_0)
FN:42,(anonymous_1)
FN:45,(anonymous_2)
FN:60,(anonymous_3)
FN:66,(anonymous_4)
FN:69,(anonymous_5)
FN:81,(anonymous_6)
FN:125,(anonymous_7)
FN:128,(anonymous_8)
FN:131,(anonymous_9)
FN:134,(anonymous_10)
FN:137,(anonymous_11)
FN:152,(anonymous_12)
FN:161,(anonymous_13)
FN:164,(anonymous_14)
FN:166,(anonymous_15)
FN:207,(anonymous_16)
FN:228,(anonymous_17)
FN:241,(anonymous_18)
FN:253,(anonymous_19)
FN:286,(anonymous_20)
FNF:21
FNH:0
FNDA:0,(anonymous_0)
FNDA:0,(anonymous_1)
FNDA:0,(anonymous_2)
FNDA:0,(anonymous_3)
FNDA:0,(anonymous_4)
FNDA:0,(anonymous_5)
FNDA:0,(anonymous_6)
FNDA:0,(anonymous_7)
FNDA:0,(anonymous_8)
FNDA:0,(anonymous_9)
FNDA:0,(anonymous_10)
FNDA:0,(anonymous_11)
FNDA:0,(anonymous_12)
FNDA:0,(anonymous_13)
FNDA:0,(anonymous_14)
FNDA:0,(anonymous_15)
FNDA:0,(anonymous_16)
FNDA:0,(anonymous_17)
FNDA:0,(anonymous_18)
FNDA:0,(anonymous_19)
FNDA:0,(anonymous_20)
DA:1,0
DA:3,0
DA:4,0
DA:6,0
DA:29,0
DA:30,0
DA:31,0
DA:32,0
DA:33,0
DA:35,0
DA:36,0
DA:37,0
DA:38,0
DA:39,0
DA:41,0
DA:42,0
DA:45,0
DA:46,0
DA:47,0
DA:48,0
DA:49,0
DA:50,0
DA:51,0
DA:52,0
DA:53,0
DA:60,0
DA:61,0
DA:62,0
DA:66,0
DA:67,0
DA:69,0
DA:79,0
DA:81,0
DA:82,0
DA:83,0
DA:84,0
DA:85,0
DA:86,0
DA:88,0
DA:89,0
DA:90,0
DA:91,0
DA:92,0
DA:93,0
DA:94,0
DA:95,0
DA:96,0
DA:97,0
DA:99,0
DA:100,0
DA:101,0
DA:103,0
DA:115,0
DA:116,0
DA:117,0
DA:118,0
DA:119,0
DA:120,0
DA:121,0
DA:122,0
DA:123,0
DA:125,0
DA:126,0
DA:127,0
DA:128,0
DA:131,0
DA:132,0
DA:133,0
DA:134,0
DA:137,0
DA:138,0
DA:139,0
DA:140,0
DA:141,0
DA:142,0
DA:143,0
DA:144,0
DA:145,0
DA:146,0
DA:147,0
DA:149,0
DA:152,0
DA:153,0
DA:154,0
DA:155,0
DA:161,0
DA:164,0
DA:165,0
DA:166,0
DA:167,0
DA:168,0
DA:169,0
DA:170,0
DA:171,0
DA:178,0
DA:179,0
DA:180,0
DA:182,0
DA:185,0
DA:208,0
DA:229,0
DA:242,0
DA:254,0
DA:287,0
DA:416,0
DA:418,0
LF:106
LH:0
BRDA:48,0,0,0
BRDA:48,0,1,0
BRDA:73,1,0,0
BRDA:74,2,0,0
BRDA:76,3,0,0
BRDA:77,4,0,0
BRDA:78,5,0,0
BRDA:85,6,0,0
BRDA:85,6,1,0
BRDA:85,7,0,0
BRDA:85,7,1,0
BRDA:96,8,0,0
BRDA:96,8,1,0
BRDA:100,9,0,0
BRDA:100,9,1,0
BRDA:122,10,0,0
BRDA:122,10,1,0
BRDA:122,11,0,0
BRDA:122,11,1,0
BRDA:123,12,0,0
BRDA:123,12,1,0
BRDA:123,13,0,0
BRDA:123,13,1,0
BRDA:138,14,0,0
BRDA:153,15,0,0
BRDA:153,16,0,0
BRDA:153,16,1,0
BRDA:165,17,0,0
BRDA:167,18,0,0
BRDA:167,18,1,0
BRDA:178,19,0,0
BRDA:179,20,0,0
BRDA:179,20,1,0
BRDA:191,21,0,0
BRDA:191,21,1,0
BRDA:191,22,0,0
BRDA:191,22,1,0
BRDA:204,23,0,0
BRDA:204,23,1,0
BRDA:206,24,0,0
BRDA:206,24,1,0
BRDA:220,25,0,0
BRDA:220,25,1,0
BRDA:227,26,0,0
BRDA:227,26,1,0
BRDA:227,27,0,0
BRDA:227,27,1,0
BRDA:242,28,0,0
BRDA:242,28,1,0
BRDA:254,29,0,0
BRDA:254,29,1,0
BRDA:272,30,0,0
BRDA:272,30,1,0
BRDA:285,31,0,0
BRDA:285,31,1,0
BRDA:300,32,0,0
BRDA:300,32,1,0
BRDA:307,33,0,0
BRDA:307,33,1,0
BRDA:307,33,2,0
BRDA:311,34,0,0
BRDA:311,34,1,0
BRDA:312,35,0,0
BRDA:312,35,1,0
BRDA:318,36,0,0
BRDA:318,36,1,0
BRDA:337,37,0,0
BRDA:337,37,1,0
BRDA:345,38,0,0
BRDA:345,38,1,0
BRDA:347,39,0,0
BRDA:347,39,1,0
BRDA:365,40,0,0
BRDA:365,40,1,0
BRDA:370,41,0,0
BRDA:370,41,1,0
BRDA:395,42,0,0
BRDA:395,42,1,0
BRDA:405,43,0,0
BRDA:405,43,1,0
BRF:80
BRH:0
end_of_record
TN:
SF:src/core/components/ui/IconForApp.tsx
FN:68,IconForApp
FNF:1
FNH:0
FNDA:0,IconForApp
DA:1,0
DA:2,0
DA:5,0
DA:66,0
DA:68,0
DA:70,0
DA:71,0
DA:72,0
DA:73,0
DA:74,0
DA:78,0
DA:79,0
DA:80,0
LF:13
LH:0
BRDA:71,0,0,0
BRDA:71,0,1,0
BRDA:73,1,0,0
BRDA:79,2,0,0
BRDA:79,2,1,0
BRF:5
BRH:0
end_of_record
TN:
SF:src/core/components/ui/accordion.tsx
FN:12,(anonymous_6)
FN:24,(anonymous_7)
FN:44,(anonymous_8)
FNF:3
FNH:0
FNDA:0,(anonymous_6)
FNDA:0,(anonymous_7)
FNDA:0,(anonymous_8)
DA:1,0
DA:2,0
DA:3,0
DA:5,0
DA:7,0
DA:9,0
DA:13,0
DA:19,0
DA:21,0
DA:25,0
DA:39,0
DA:41,0
DA:45,0
DA:54,0
DA:56,0
LF:15
LH:0
BRF:0
BRH:0
end_of_record
TN:
SF:src/core/components/ui/alert-dialog.tsx
FN:16,(anonymous_6)
FN:31,(anonymous_7)
FN:46,(anonymous_8)
FN:60,(anonymous_9)
FN:77,(anonymous_10)
FN:89,(anonymous_11)
FN:102,(anonymous_12)
FN:114,(anonymous_13)
FNF:8
FNH:0
FNDA:0,(anonymous_6)
FNDA:0,(anonymous_7)
FNDA:0,(anonymous_8)
FNDA:0,(anonymous_9)
FNDA:0,(anonymous_10)
FNDA:0,(anonymous_11)
FNDA:0,(anonymous_12)
FNDA:0,(anonymous_13)
DA:1,0
DA:2,0
DA:4,0
DA:5,0
DA:7,0
DA:9,0
DA:11,0
DA:13,0
DA:17,0
DA:26,0
DA:28,0
DA:32,0
DA:44,0
DA:46,0
DA:50,0
DA:58,0
DA:60,0
DA:64,0
DA:72,0
DA:74,0
DA:78,0
DA:84,0
DA:86,0
DA:90,0
DA:96,0
DA:99,0
DA:103,0
DA:109,0
DA:111,0
DA:115,0
DA:125,0
DA:128,0
DA:129,0
DA:130,0
DA:131,0
DA:132,0
DA:133,0
DA:134,0
DA:135,0
DA:136,0
DA:137,0
DA:138,0
LF:42
LH:0
BRF:0
BRH:0
end_of_record
TN:
SF:src/core/components/ui/alert.tsx
FN:25,(anonymous_6)
FN:38,(anonymous_7)
FN:50,(anonymous_8)
FNF:3
FNH:1
FNDA:2,(anonymous_6)
FNDA:0,(anonymous_7)
FNDA:0,(anonymous_8)
DA:1,2
DA:2,2
DA:4,2
DA:6,2
DA:22,2
DA:26,2
DA:33,2
DA:35,2
DA:39,0
DA:45,2
DA:47,2
DA:51,0
DA:57,2
DA:59,2
LF:14
LH:12
BRF:0
BRH:0
end_of_record
TN:
SF:src/core/components/ui/aspect-ratio.tsx
FNF:0
FNH:0
DA:1,0
DA:3,0
DA:5,0
LF:3
LH:0
BRF:0
BRH:0
end_of_record
TN:
SF:src/core/components/ui/avatar.tsx
FN:9,(anonymous_6)
FN:24,(anonymous_7)
FN:36,(anonymous_8)
FNF:3
FNH:0
FNDA:0,(anonymous_6)
FNDA:0,(anonymous_7)
FNDA:0,(anonymous_8)
DA:1,1
DA:2,1
DA:4,1
DA:6,1
DA:10,0
DA:19,1
DA:21,1
DA:25,0
DA:31,1
DA:33,1
DA:37,0
DA:46,1
DA:48,1
LF:13
LH:10
BRF:0
BRH:0
end_of_record
TN:
SF:src/core/components/ui/badge.tsx
FN:30,Badge
FNF:1
FNH:0
FNDA:0,Badge
DA:1,1
DA:2,1
DA:4,1
DA:6,1
DA:31,0
DA:36,1
LF:6
LH:5
BRF:0
BRH:0
end_of_record
TN:
SF:src/core/components/ui/breadcrumb.tsx
FN:12,(anonymous_6)
FN:18,(anonymous_7)
FN:33,(anonymous_8)
FN:47,(anonymous_9)
FN:63,(anonymous_10)
FN:75,(anonymous_11)
FN:91,(anonymous_12)
FNF:7
FNH:0
FNDA:0,(anonymous_6)
FNDA:0,(anonymous_7)
FNDA:0,(anonymous_8)
FNDA:0,(anonymous_9)
FNDA:0,(anonymous_10)
FNDA:0,(anonymous_11)
FNDA:0,(anonymous_12)
DA:1,0
DA:2,0
DA:3,0
DA:5,0
DA:7,0
DA:12,0
DA:13,0
DA:15,0
DA:19,0
DA:28,0
DA:30,0
DA:34,0
DA:40,0
DA:42,0
DA:48,0
DA:50,0
DA:58,0
DA:60,0
DA:64,0
DA:73,0
DA:75,0
DA:80,0
DA:89,0
DA:91,0
DA:95,0
DA:105,0
DA:108,0
DA:109,0
DA:110,0
DA:111,0
DA:112,0
DA:113,0
DA:114,0
LF:33
LH:0
BRDA:48,0,0,0
BRDA:48,0,1,0
BRDA:86,1,0,0
BRDA:86,1,1,0
BRF:4
BRH:0
end_of_record
TN:
SF:src/core/components/ui/button.tsx
FN:43,(anonymous_6)
FNF:1
FNH:1
FNDA:24,(anonymous_6)
DA:1,5
DA:2,5
DA:3,5
DA:5,5
DA:7,5
DA:42,5
DA:44,24
DA:45,24
DA:54,5
DA:56,5
LF:10
LH:10
BRDA:43,0,0,24
BRDA:44,1,0,0
BRDA:44,1,1,24
BRF:3
BRH:2
end_of_record
TN:
SF:src/core/components/ui/calendar.tsx
FN:10,Calendar
FN:55,(anonymous_7)
FN:56,(anonymous_8)
FNF:3
FNH:0
FNDA:0,Calendar
FNDA:0,(anonymous_7)
FNDA:0,(anonymous_8)
DA:1,0
DA:2,0
DA:3,0
DA:5,0
DA:6,0
DA:16,0
DA:55,0
DA:56,0
DA:62,0
DA:64,0
LF:10
LH:0
BRDA:13,0,0,0
BRF:1
BRH:0
end_of_record
TN:
SF:src/core/components/ui/card.tsx
FN:8,(anonymous_6)
FN:23,(anonymous_7)
FN:35,(anonymous_8)
FN:50,(anonymous_9)
FN:62,(anonymous_10)
FN:70,(anonymous_11)
FNF:6
FNH:0
FNDA:0,(anonymous_6)
FNDA:0,(anonymous_7)
FNDA:0,(anonymous_8)
FNDA:0,(anonymous_9)
FNDA:0,(anonymous_10)
FNDA:0,(anonymous_11)
DA:1,1
DA:3,1
DA:5,1
DA:9,0
DA:18,1
DA:20,1
DA:24,0
DA:30,1
DA:32,1
DA:36,0
DA:45,1
DA:47,1
DA:51,0
DA:57,1
DA:59,1
DA:63,0
DA:65,1
DA:67,1
DA:71,0
DA:77,1
DA:79,1
LF:21
LH:15
BRF:0
BRH:0
end_of_record
TN:
SF:src/core/components/ui/carousel.tsx
FN:33,useCarousel
FN:47,(anonymous_8)
FN:69,(anonymous_9)
FN:78,(anonymous_10)
FN:82,(anonymous_11)
FN:87,(anonymous_12)
FN:99,(anonymous_13)
FN:107,(anonymous_14)
FN:116,(anonymous_15)
FN:154,(anonymous_16)
FN:176,(anonymous_17)
FN:198,(anonymous_18)
FN:227,(anonymous_19)
FNF:13
FNH:0
FNDA:0,useCarousel
FNDA:0,(anonymous_8)
FNDA:0,(anonymous_9)
FNDA:0,(anonymous_10)
FNDA:0,(anonymous_11)
FNDA:0,(anonymous_12)
FNDA:0,(anonymous_13)
FNDA:0,(anonymous_14)
FNDA:0,(anonymous_15)
FNDA:0,(anonymous_16)
FNDA:0,(anonymous_17)
FNDA:0,(anonymous_18)
FNDA:0,(anonymous_19)
DA:1,0
DA:2,0
DA:5,0
DA:7,0
DA:8,0
DA:31,0
DA:34,0
DA:36,0
DA:37,0
DA:40,0
DA:43,0
DA:59,0
DA:66,0
DA:67,0
DA:69,0
DA:70,0
DA:71,0
DA:74,0
DA:75,0
DA:78,0
DA:79,0
DA:82,0
DA:83,0
DA:86,0
DA:88,0
DA:89,0
DA:90,0
DA:91,0
DA:92,0
DA:93,0
DA:99,0
DA:100,0
DA:101,0
DA:104,0
DA:107,0
DA:108,0
DA:109,0
DA:112,0
DA:113,0
DA:114,0
DA:116,0
DA:117,0
DA:121,0
DA:149,0
DA:151,0
DA:155,0
DA:157,0
DA:171,0
DA:173,0
DA:177,0
DA:179,0
DA:193,0
DA:195,0
DA:199,0
DA:201,0
DA:222,0
DA:224,0
DA:228,0
DA:230,0
DA:251,0
DA:255,0
DA:256,0
DA:257,0
DA:258,0
DA:259,0
LF:65
LH:0
BRDA:36,0,0,0
BRDA:49,1,0,0
BRDA:62,2,0,0
BRDA:62,2,1,0
BRDA:70,3,0,0
BRDA:88,4,0,0
BRDA:88,4,1,0
BRDA:91,5,0,0
BRDA:100,6,0,0
BRDA:100,7,0,0
BRDA:100,7,1,0
BRDA:108,8,0,0
BRDA:128,9,0,0
BRDA:128,9,1,0
BRDA:128,10,0,0
BRDA:128,10,1,0
BRDA:163,11,0,0
BRDA:163,11,1,0
BRDA:186,12,0,0
BRDA:186,12,1,0
BRDA:198,13,0,0
BRDA:198,14,0,0
BRDA:208,15,0,0
BRDA:208,15,1,0
BRDA:227,16,0,0
BRDA:227,17,0,0
BRDA:237,18,0,0
BRDA:237,18,1,0
BRF:28
BRH:0
end_of_record
TN:
SF:src/core/components/ui/chart.tsx
FN:25,useChart
FN:43,(anonymous_7)
FN:68,(anonymous_8)
FN:70,(anonymous_9)
FN:82,(anonymous_10)
FN:85,(anonymous_11)
FN:114,(anonymous_12)
FN:134,(anonymous_13)
FN:186,(anonymous_14)
FN:267,(anonymous_15)
FN:286,(anonymous_16)
FN:318,getPayloadConfigFromPayload
FNF:12
FNH:0
FNDA:0,useChart
FNDA:0,(anonymous_7)
FNDA:0,(anonymous_8)
FNDA:0,(anonymous_9)
FNDA:0,(anonymous_10)
FNDA:0,(anonymous_11)
FNDA:0,(anonymous_12)
FNDA:0,(anonymous_13)
FNDA:0,(anonymous_14)
FNDA:0,(anonymous_15)
FNDA:0,(anonymous_16)
FNDA:0,getPayloadConfigFromPayload
DA:1,0
DA:2,0
DA:4,0
DA:7,0
DA:23,0
DA:26,0
DA:28,0
DA:29,0
DA:32,0
DA:35,0
DA:44,0
DA:45,0
DA:47,0
DA:66,0
DA:68,0
DA:69,0
DA:70,0
DA:73,0
DA:74,0
DA:77,0
DA:82,0
DA:87,0
DA:89,0
DA:101,0
DA:103,0
DA:132,0
DA:134,0
DA:135,0
DA:136,0
DA:139,0
DA:140,0
DA:141,0
DA:143,0
DA:147,0
DA:148,0
DA:155,0
DA:156,0
DA:159,0
DA:170,0
DA:171,0
DA:174,0
DA:176,0
DA:187,0
DA:188,0
DA:189,0
DA:191,0
DA:255,0
DA:257,0
DA:259,0
DA:271,0
DA:273,0
DA:274,0
DA:277,0
DA:287,0
DA:288,0
DA:290,0
DA:315,0
DA:323,0
DA:324,0
DA:328,0
DA:334,0
DA:336,0
DA:340,0
DA:341,0
DA:346,0
DA:351,0
DA:357,0
DA:358,0
DA:359,0
DA:360,0
DA:361,0
DA:362,0
LF:72
LH:0
BRDA:28,0,0,0
BRDA:45,1,0,0
BRDA:45,1,1,0
BRDA:70,2,0,0
BRDA:70,2,1,0
BRDA:73,3,0,0
BRDA:87,4,0,0
BRDA:87,4,1,0
BRDA:89,5,0,0
BRDA:89,5,1,0
BRDA:119,6,0,0
BRDA:120,7,0,0
BRDA:121,8,0,0
BRDA:135,9,0,0
BRDA:135,10,0,0
BRDA:135,10,1,0
BRDA:140,11,0,0
BRDA:140,11,1,0
BRDA:140,11,2,0
BRDA:140,11,3,0
BRDA:143,12,0,0
BRDA:143,12,1,0
BRDA:143,13,0,0
BRDA:143,13,1,0
BRDA:144,14,0,0
BRDA:144,14,1,0
BRDA:147,15,0,0
BRDA:155,16,0,0
BRDA:170,17,0,0
BRDA:170,18,0,0
BRDA:170,18,1,0
BRDA:174,19,0,0
BRDA:174,19,1,0
BRDA:184,20,0,0
BRDA:184,20,1,0
BRDA:187,21,0,0
BRDA:187,21,1,0
BRDA:187,21,2,0
BRDA:187,21,3,0
BRDA:189,22,0,0
BRDA:189,22,1,0
BRDA:189,22,2,0
BRDA:196,23,0,0
BRDA:196,23,1,0
BRDA:199,24,0,0
BRDA:199,24,1,0
BRDA:199,25,0,0
BRDA:199,25,1,0
BRDA:199,25,2,0
BRDA:203,26,0,0
BRDA:203,26,1,0
BRDA:206,27,0,0
BRDA:206,27,1,0
BRDA:215,28,0,0
BRDA:215,28,1,0
BRDA:230,29,0,0
BRDA:230,29,1,0
BRDA:234,30,0,0
BRDA:234,30,1,0
BRDA:236,31,0,0
BRDA:236,31,1,0
BRDA:239,32,0,0
BRDA:239,32,1,0
BRDA:268,33,0,0
BRDA:268,34,0,0
BRDA:273,35,0,0
BRDA:282,36,0,0
BRDA:282,36,1,0
BRDA:287,37,0,0
BRDA:287,37,1,0
BRDA:287,37,2,0
BRDA:297,38,0,0
BRDA:297,38,1,0
BRDA:297,39,0,0
BRDA:297,39,1,0
BRDA:323,40,0,0
BRDA:323,41,0,0
BRDA:323,41,1,0
BRDA:328,42,0,0
BRDA:328,42,1,0
BRDA:328,43,0,0
BRDA:328,43,1,0
BRDA:328,43,2,0
BRDA:336,44,0,0
BRDA:336,44,1,0
BRDA:337,45,0,0
BRDA:337,45,1,0
BRDA:341,46,0,0
BRDA:342,47,0,0
BRDA:342,47,1,0
BRDA:342,47,2,0
BRDA:351,48,0,0
BRDA:351,48,1,0
BRF:93
BRH:0
end_of_record
TN:
SF:src/core/components/ui/checkbox.tsx
FN:10,(anonymous_6)
FNF:1
FNH:0
FNDA:0,(anonymous_6)
DA:1,0
DA:2,0
DA:3,0
DA:5,0
DA:7,0
DA:11,0
DA:26,0
DA:28,0
LF:8
LH:0
BRF:0
BRH:0
end_of_record
TN:
SF:src/core/components/ui/collapsible.tsx
FNF:0
FNH:0
DA:1,0
DA:3,0
DA:5,0
DA:7,0
DA:9,0
LF:5
LH:0
BRF:0
BRH:0
end_of_record
TN:
SF:src/core/components/ui/command.tsx
FN:12,(anonymous_6)
FN:26,(anonymous_7)
FN:41,(anonymous_8)
FN:60,(anonymous_9)
FN:73,(anonymous_10)
FN:86,(anonymous_11)
FN:102,(anonymous_12)
FN:114,(anonymous_13)
FN:127,(anonymous_14)
FNF:9
FNH:0
FNDA:0,(anonymous_6)
FNDA:0,(anonymous_7)
FNDA:0,(anonymous_8)
FNDA:0,(anonymous_9)
FNDA:0,(anonymous_10)
FNDA:0,(anonymous_11)
FNDA:0,(anonymous_12)
FNDA:0,(anonymous_13)
FNDA:0,(anonymous_14)
DA:1,0
DA:3,0
DA:4,0
DA:6,0
DA:7,0
DA:9,0
DA:13,0
DA:22,0
DA:26,0
DA:27,0
DA:38,0
DA:42,0
DA:55,0
DA:57,0
DA:61,0
DA:68,0
DA:70,0
DA:74,0
DA:81,0
DA:83,0
DA:87,0
DA:97,0
DA:99,0
DA:103,0
DA:109,0
DA:111,0
DA:115,0
DA:125,0
DA:127,0
DA:131,0
DA:141,0
DA:144,0
DA:145,0
DA:146,0
DA:147,0
DA:148,0
DA:149,0
DA:150,0
DA:151,0
DA:152,0
LF:40
LH:0
BRF:0
BRH:0
end_of_record
TN:
SF:src/core/components/ui/context-menu.tsx
FN:24,(anonymous_6)
FN:43,(anonymous_7)
FN:58,(anonymous_8)
FN:77,(anonymous_9)
FN:93,(anonymous_10)
FN:117,(anonymous_11)
FN:141,(anonymous_12)
FN:157,(anonymous_13)
FN:166,(anonymous_14)
FNF:9
FNH:0
FNDA:0,(anonymous_6)
FNDA:0,(anonymous_7)
FNDA:0,(anonymous_8)
FNDA:0,(anonymous_9)
FNDA:0,(anonymous_10)
FNDA:0,(anonymous_11)
FNDA:0,(anonymous_12)
FNDA:0,(anonymous_13)
FNDA:0,(anonymous_14)
DA:1,0
DA:2,0
DA:3,0
DA:5,0
DA:7,0
DA:9,0
DA:11,0
DA:13,0
DA:15,0
DA:17,0
DA:19,0
DA:25,0
DA:38,0
DA:40,0
DA:44,0
DA:53,0
DA:55,0
DA:59,0
DA:70,0
DA:72,0
DA:78,0
DA:88,0
DA:90,0
DA:94,0
DA:111,0
DA:114,0
DA:118,0
DA:134,0
DA:136,0
DA:142,0
DA:152,0
DA:154,0
DA:158,0
DA:164,0
DA:166,0
DA:170,0
DA:180,0
DA:183,0
DA:184,0
DA:185,0
DA:186,0
DA:187,0
DA:188,0
DA:189,0
DA:190,0
DA:191,0
DA:192,0
DA:193,0
DA:194,0
DA:195,0
DA:196,0
DA:197,0
LF:52
LH:0
BRDA:29,0,0,0
BRDA:29,0,1,0
BRDA:82,1,0,0
BRDA:82,1,1,0
BRDA:146,2,0,0
BRDA:146,2,1,0
BRF:6
BRH:0
end_of_record
TN:
SF:src/core/components/ui/dialog.tsx
FN:18,(anonymous_6)
FN:33,(anonymous_7)
FN:54,(anonymous_8)
FN:68,(anonymous_9)
FN:85,(anonymous_10)
FN:100,(anonymous_11)
FNF:6
FNH:0
FNDA:0,(anonymous_6)
FNDA:0,(anonymous_7)
FNDA:0,(anonymous_8)
FNDA:0,(anonymous_9)
FNDA:0,(anonymous_10)
FNDA:0,(anonymous_11)
DA:1,0
DA:2,0
DA:3,0
DA:5,0
DA:7,0
DA:9,0
DA:11,0
DA:13,0
DA:15,0
DA:19,0
DA:28,0
DA:30,0
DA:34,0
DA:52,0
DA:54,0
DA:58,0
DA:66,0
DA:68,0
DA:72,0
DA:80,0
DA:82,0
DA:86,0
DA:95,0
DA:97,0
DA:101,0
DA:107,0
DA:110,0
DA:111,0
DA:112,0
DA:113,0
DA:114,0
DA:115,0
DA:116,0
DA:117,0
DA:118,0
DA:119,0
LF:36
LH:0
BRF:0
BRH:0
end_of_record
TN:
SF:src/core/components/ui/drawer.tsx
FN:6,(anonymous_6)
FN:26,(anonymous_7)
FN:38,(anonymous_8)
FN:56,(anonymous_9)
FN:67,(anonymous_10)
FN:81,(anonymous_11)
FN:96,(anonymous_12)
FNF:7
FNH:0
FNDA:0,(anonymous_6)
FNDA:0,(anonymous_7)
FNDA:0,(anonymous_8)
FNDA:0,(anonymous_9)
FNDA:0,(anonymous_10)
FNDA:0,(anonymous_11)
FNDA:0,(anonymous_12)
DA:1,0
DA:2,0
DA:4,0
DA:6,0
DA:10,0
DA:15,0
DA:17,0
DA:19,0
DA:21,0
DA:23,0
DA:27,0
DA:33,0
DA:35,0
DA:39,0
DA:54,0
DA:56,0
DA:60,0
DA:65,0
DA:67,0
DA:71,0
DA:76,0
DA:78,0
DA:82,0
DA:91,0
DA:93,0
DA:97,0
DA:103,0
DA:106,0
DA:107,0
DA:108,0
DA:109,0
DA:110,0
DA:111,0
DA:112,0
DA:113,0
DA:114,0
DA:115,0
LF:37
LH:0
BRDA:7,0,0,0
BRF:1
BRH:0
end_of_record
TN:
SF:src/core/components/ui/dropdown-menu.tsx
FN:24,(anonymous_6)
FN:44,(anonymous_7)
FN:60,(anonymous_8)
FN:80,(anonymous_9)
FN:96,(anonymous_10)
FN:120,(anonymous_11)
FN:144,(anonymous_12)
FN:160,(anonymous_13)
FN:169,(anonymous_14)
FNF:9
FNH:0
FNDA:0,(anonymous_6)
FNDA:0,(anonymous_7)
FNDA:0,(anonymous_8)
FNDA:0,(anonymous_9)
FNDA:0,(anonymous_10)
FNDA:0,(anonymous_11)
FNDA:0,(anonymous_12)
FNDA:0,(anonymous_13)
FNDA:0,(anonymous_14)
DA:1,0
DA:2,0
DA:3,0
DA:5,0
DA:7,0
DA:9,0
DA:11,0
DA:13,0
DA:15,0
DA:17,0
DA:19,0
DA:25,0
DA:38,0
DA:41,0
DA:45,0
DA:54,0
DA:57,0
DA:61,0
DA:73,0
DA:75,0
DA:81,0
DA:91,0
DA:93,0
DA:97,0
DA:114,0
DA:117,0
DA:121,0
DA:137,0
DA:139,0
DA:145,0
DA:155,0
DA:157,0
DA:161,0
DA:167,0
DA:169,0
DA:173,0
DA:180,0
DA:183,0
DA:184,0
DA:185,0
DA:186,0
DA:187,0
DA:188,0
DA:189,0
DA:190,0
DA:191,0
DA:192,0
DA:193,0
DA:194,0
DA:195,0
DA:196,0
DA:197,0
LF:52
LH:0
BRDA:29,0,0,0
BRDA:29,0,1,0
BRDA:60,1,0,0
BRDA:85,2,0,0
BRDA:85,2,1,0
BRDA:149,3,0,0
BRDA:149,3,1,0
BRF:7
BRH:0
end_of_record
TN:
SF:src/core/components/ui/form.tsx
FN:29,(anonymous_6)
FN:42,(anonymous_7)
FN:76,(anonymous_8)
FN:90,(anonymous_9)
FN:107,(anonymous_10)
FN:129,(anonymous_11)
FN:146,(anonymous_12)
FNF:7
FNH:0
FNDA:0,(anonymous_6)
FNDA:0,(anonymous_7)
FNDA:0,(anonymous_8)
FNDA:0,(anonymous_9)
FNDA:0,(anonymous_10)
FNDA:0,(anonymous_11)
FNDA:0,(anonymous_12)
DA:1,0
DA:3,0
DA:4,0
DA:13,0
DA:14,0
DA:16,0
DA:25,0
DA:29,0
DA:35,0
DA:42,0
DA:43,0
DA:44,0
DA:45,0
DA:47,0
DA:49,0
DA:50,0
DA:53,0
DA:55,0
DA:69,0
DA:73,0
DA:77,0
DA:79,0
DA:85,0
DA:87,0
DA:91,0
DA:93,0
DA:102,0
DA:104,0
DA:108,0
DA:110,0
DA:124,0
DA:126,0
DA:130,0
DA:132,0
DA:141,0
DA:143,0
DA:147,0
DA:148,0
DA:150,0
DA:151,0
DA:154,0
DA:165,0
DA:168,0
DA:169,0
DA:170,0
DA:171,0
DA:172,0
DA:173,0
DA:174,0
DA:175,0
LF:50
LH:0
BRDA:49,0,0,0
BRDA:96,1,0,0
BRDA:96,1,1,0
BRDA:115,2,0,0
BRDA:115,2,1,0
BRDA:148,3,0,0
BRDA:148,3,1,0
BRDA:150,4,0,0
BRF:8
BRH:0
end_of_record
TN:
SF:src/core/components/ui/hover-card.tsx
FN:13,(anonymous_6)
FNF:1
FNH:0
FNDA:0,(anonymous_6)
DA:1,0
DA:2,0
DA:4,0
DA:6,0
DA:8,0
DA:10,0
DA:14,0
DA:25,0
DA:27,0
LF:9
LH:0
BRDA:13,0,0,0
BRDA:13,1,0,0
BRF:2
BRH:0
end_of_record
TN:
SF:src/core/components/ui/input-otp.tsx
FN:10,(anonymous_6)
FN:26,(anonymous_7)
FN:34,(anonymous_8)
FN:62,(anonymous_9)
FNF:4
FNH:0
FNDA:0,(anonymous_6)
FNDA:0,(anonymous_7)
FNDA:0,(anonymous_8)
FNDA:0,(anonymous_9)
DA:1,0
DA:2,0
DA:3,0
DA:5,0
DA:7,0
DA:11,0
DA:21,0
DA:23,0
DA:27,0
DA:29,0
DA:31,0
DA:35,0
DA:36,0
DA:38,0
DA:57,0
DA:59,0
DA:63,0
DA:67,0
DA:69,0
LF:19
LH:0
BRDA:43,0,0,0
BRDA:43,0,1,0
BRDA:49,1,0,0
BRDA:49,1,1,0
BRF:4
BRH:0
end_of_record
TN:
SF:src/core/components/ui/input.tsx
FN:6,(anonymous_6)
FNF:1
FNH:0
FNDA:0,(anonymous_6)
DA:1,1
DA:3,1
DA:5,1
DA:7,0
DA:20,1
DA:22,1
LF:6
LH:5
BRF:0
BRH:0
end_of_record
TN:
SF:src/core/components/ui/label.tsx
FN:15,(anonymous_6)
FNF:1
FNH:0
FNDA:0,(anonymous_6)
DA:1,1
DA:2,1
DA:3,1
DA:5,1
DA:7,1
DA:11,1
DA:16,0
DA:22,1
DA:24,1
LF:9
LH:8
BRF:0
BRH:0
end_of_record
TN:
SF:src/core/components/ui/menubar.tsx
FN:20,(anonymous_6)
FN:35,(anonymous_7)
FN:52,(anonymous_8)
FN:71,(anonymous_9)
FN:87,(anonymous_10)
FN:113,(anonymous_11)
FN:129,(anonymous_12)
FN:152,(anonymous_13)
FN:176,(anonymous_14)
FN:192,(anonymous_15)
FN:201,(anonymous_16)
FNF:11
FNH:0
FNDA:0,(anonymous_6)
FNDA:0,(anonymous_7)
FNDA:0,(anonymous_8)
FNDA:0,(anonymous_9)
FNDA:0,(anonymous_10)
FNDA:0,(anonymous_11)
FNDA:0,(anonymous_12)
FNDA:0,(anonymous_13)
FNDA:0,(anonymous_14)
FNDA:0,(anonymous_15)
FNDA:0,(anonymous_16)
DA:1,0
DA:2,0
DA:3,0
DA:5,0
DA:7,0
DA:9,0
DA:11,0
DA:13,0
DA:15,0
DA:17,0
DA:21,0
DA:30,0
DA:32,0
DA:36,0
DA:45,0
DA:47,0
DA:53,0
DA:66,0
DA:68,0
DA:72,0
DA:81,0
DA:83,0
DA:91,0
DA:106,0
DA:108,0
DA:114,0
DA:124,0
DA:126,0
DA:130,0
DA:147,0
DA:149,0
DA:153,0
DA:169,0
DA:171,0
DA:177,0
DA:187,0
DA:189,0
DA:193,0
DA:199,0
DA:201,0
DA:205,0
DA:215,0
DA:218,0
DA:219,0
DA:220,0
DA:221,0
DA:222,0
DA:223,0
DA:224,0
DA:225,0
DA:226,0
DA:227,0
DA:228,0
DA:229,0
DA:230,0
DA:231,0
DA:232,0
DA:233,0
LF:58
LH:0
BRDA:57,0,0,0
BRDA:57,0,1,0
BRDA:88,1,0,0
BRDA:88,2,0,0
BRDA:88,3,0,0
BRDA:118,4,0,0
BRDA:118,4,1,0
BRDA:181,5,0,0
BRDA:181,5,1,0
BRF:9
BRH:0
end_of_record
TN:
SF:src/core/components/ui/navigation-menu.tsx
FN:11,(anonymous_6)
FN:29,(anonymous_7)
FN:50,(anonymous_8)
FN:68,(anonymous_9)
FN:85,(anonymous_10)
FN:103,(anonymous_11)
FNF:6
FNH:0
FNDA:0,(anonymous_6)
FNDA:0,(anonymous_7)
FNDA:0,(anonymous_8)
FNDA:0,(anonymous_9)
FNDA:0,(anonymous_10)
FNDA:0,(anonymous_11)
DA:1,0
DA:2,0
DA:3,0
DA:4,0
DA:6,0
DA:8,0
DA:12,0
DA:24,0
DA:26,0
DA:30,0
DA:39,0
DA:41,0
DA:43,0
DA:47,0
DA:51,0
DA:63,0
DA:65,0
DA:69,0
DA:78,0
DA:80,0
DA:82,0
DA:86,0
DA:97,0
DA:100,0
DA:104,0
DA:115,0
DA:119,0
DA:120,0
DA:121,0
DA:122,0
DA:123,0
DA:124,0
DA:125,0
DA:126,0
DA:127,0
LF:35
LH:0
BRF:0
BRH:0
end_of_record
TN:
SF:src/core/components/ui/pagination.tsx
FN:7,(anonymous_6)
FN:20,(anonymous_7)
FN:32,(anonymous_8)
FN:42,(anonymous_9)
FN:62,(anonymous_10)
FN:78,(anonymous_11)
FN:94,(anonymous_12)
FNF:7
FNH:0
FNDA:0,(anonymous_6)
FNDA:0,(anonymous_7)
FNDA:0,(anonymous_8)
FNDA:0,(anonymous_9)
FNDA:0,(anonymous_10)
FNDA:0,(anonymous_11)
FNDA:0,(anonymous_12)
DA:1,0
DA:2,0
DA:4,0
DA:5,0
DA:7,0
DA:8,0
DA:15,0
DA:17,0
DA:21,0
DA:27,0
DA:29,0
DA:33,0
DA:35,0
DA:42,0
DA:48,0
DA:60,0
DA:62,0
DA:66,0
DA:76,0
DA:78,0
DA:82,0
DA:92,0
DA:94,0
DA:98,0
DA:107,0
DA:110,0
DA:111,0
DA:112,0
DA:113,0
DA:114,0
DA:115,0
DA:116,0
LF:32
LH:0
BRDA:45,0,0,0
BRDA:49,1,0,0
BRDA:49,1,1,0
BRDA:52,2,0,0
BRDA:52,2,1,0
BRF:5
BRH:0
end_of_record
TN:
SF:src/core/components/ui/popover.tsx
FN:13,(anonymous_6)
FNF:1
FNH:0
FNDA:0,(anonymous_6)
DA:1,0
DA:2,0
DA:4,0
DA:6,0
DA:8,0
DA:10,0
DA:14,0
DA:27,0
DA:29,0
LF:9
LH:0
BRDA:13,0,0,0
BRDA:13,1,0,0
BRF:2
BRH:0
end_of_record
TN:
SF:src/core/components/ui/progress.tsx
FN:9,(anonymous_6)
FNF:1
FNH:0
FNDA:0,(anonymous_6)
DA:1,1
DA:2,1
DA:4,1
DA:6,1
DA:10,0
DA:24,1
DA:26,1
LF:7
LH:6
BRDA:20,0,0,0
BRDA:20,0,1,0
BRF:2
BRH:0
end_of_record
TN:
SF:src/core/components/ui/radio-group.tsx
FN:10,(anonymous_6)
FN:24,(anonymous_7)
FNF:2
FNH:0
FNDA:0,(anonymous_6)
FNDA:0,(anonymous_7)
DA:1,1
DA:2,1
DA:3,1
DA:5,1
DA:7,1
DA:11,0
DA:19,1
DA:21,1
DA:25,0
DA:40,1
DA:42,1
LF:11
LH:9
BRF:0
BRH:0
end_of_record
TN:
SF:src/core/components/ui/resizable.tsx
FN:6,(anonymous_6)
FN:21,(anonymous_7)
FNF:2
FNH:0
FNDA:0,(anonymous_6)
FNDA:0,(anonymous_7)
DA:1,0
DA:2,0
DA:4,0
DA:6,0
DA:10,0
DA:19,0
DA:21,0
DA:28,0
DA:43,0
LF:9
LH:0
BRDA:35,0,0,0
BRDA:35,0,1,0
BRF:2
BRH:0
end_of_record
TN:
SF:src/core/components/ui/scroll-area.tsx
FN:9,(anonymous_6)
FN:27,(anonymous_7)
FNF:2
FNH:0
FNDA:0,(anonymous_6)
FNDA:0,(anonymous_7)
DA:1,0
DA:2,0
DA:4,0
DA:6,0
DA:10,0
DA:22,0
DA:24,0
DA:28,0
DA:44,0
DA:46,0
LF:10
LH:0
BRDA:27,0,0,0
BRDA:33,1,0,0
BRDA:33,1,1,0
BRDA:35,2,0,0
BRDA:35,2,1,0
BRF:5
BRH:0
end_of_record
TN:
SF:src/core/components/ui/select.tsx
FN:16,(anonymous_6)
FN:36,(anonymous_7)
FN:53,(anonymous_8)
FN:71,(anonymous_9)
FN:103,(anonymous_10)
FN:115,(anonymous_11)
FN:138,(anonymous_12)
FNF:7
FNH:0
FNDA:0,(anonymous_6)
FNDA:0,(anonymous_7)
FNDA:0,(anonymous_8)
FNDA:0,(anonymous_9)
FNDA:0,(anonymous_10)
FNDA:0,(anonymous_11)
FNDA:0,(anonymous_12)
DA:1,0
DA:2,0
DA:3,0
DA:5,0
DA:7,0
DA:9,0
DA:11,0
DA:13,0
DA:17,0
DA:31,0
DA:33,0
DA:37,0
DA:48,0
DA:50,0
DA:54,0
DA:65,0
DA:68,0
DA:72,0
DA:98,0
DA:100,0
DA:104,0
DA:110,0
DA:112,0
DA:116,0
DA:133,0
DA:135,0
DA:139,0
DA:145,0
DA:148,0
DA:149,0
DA:150,0
DA:151,0
DA:152,0
DA:153,0
DA:154,0
DA:155,0
DA:156,0
DA:157,0
LF:38
LH:0
BRDA:71,0,0,0
BRDA:77,1,0,0
BRDA:77,1,1,0
BRDA:88,2,0,0
BRDA:88,2,1,0
BRF:5
BRH:0
end_of_record
TN:
SF:src/core/components/ui/separator.tsx
FN:10,(anonymous_6)
FNF:1
FNH:0
FNDA:0,(anonymous_6)
DA:1,0
DA:2,0
DA:4,0
DA:6,0
DA:14,0
DA:27,0
DA:29,0
LF:7
LH:0
BRDA:11,0,0,0
BRDA:11,1,0,0
BRDA:20,2,0,0
BRDA:20,2,1,0
BRF:4
BRH:0
end_of_record
TN:
SF:src/core/components/ui/sheet.tsx
FN:19,(anonymous_6)
FN:57,(anonymous_7)
FN:75,(anonymous_8)
FN:89,(anonymous_9)
FN:106,(anonymous_10)
FN:118,(anonymous_11)
FNF:6
FNH:0
FNDA:0,(anonymous_6)
FNDA:0,(anonymous_7)
FNDA:0,(anonymous_8)
FNDA:0,(anonymous_9)
FNDA:0,(anonymous_10)
FNDA:0,(anonymous_11)
DA:1,0
DA:2,0
DA:3,0
DA:4,0
DA:6,0
DA:8,0
DA:10,0
DA:12,0
DA:14,0
DA:16,0
DA:20,0
DA:29,0
DA:31,0
DA:54,0
DA:58,0
DA:73,0
DA:75,0
DA:79,0
DA:87,0
DA:89,0
DA:93,0
DA:101,0
DA:103,0
DA:107,0
DA:113,0
DA:115,0
DA:119,0
DA:125,0
DA:128,0
DA:129,0
LF:30
LH:0
BRDA:57,0,0,0
BRF:1
BRH:0
end_of_record
TN:
[...]
FNDA:0,(anonymous_7)
FNDA:0,(anonymous_8)
FNDA:0,(anonymous_9)
DA:1,0
DA:3,0
DA:5,0
DA:6,0
DA:8,0
DA:9,0
DA:10,0
DA:11,0
DA:13,0
DA:14,0
DA:15,0
DA:18,0
LF:12
LH:0
BRF:0
BRH:0
end_of_record
TN:
SF:src/core/hooks/useAudioTranscript.ts
FN:8,(anonymous_6)
FN:13,(anonymous_7)
FN:16,(anonymous_8)
FN:21,(anonymous_9)
FN:23,(anonymous_10)
FN:31,(anonymous_11)
FN:34,(anonymous_12)
FN:39,(anonymous_13)
FN:42,(anonymous_14)
FN:49,(anonymous_15)
FN:53,(anonymous_16)
FN:58,(anonymous_17)
FNF:12
FNH:0
FNDA:0,(anonymous_6)
FNDA:0,(anonymous_7)
FNDA:0,(anonymous_8)
FNDA:0,(anonymous_9)
FNDA:0,(anonymous_10)
FNDA:0,(anonymous_11)
FNDA:0,(anonymous_12)
FNDA:0,(anonymous_13)
FNDA:0,(anonymous_14)
FNDA:0,(anonymous_15)
FNDA:0,(anonymous_16)
FNDA:0,(anonymous_17)
DA:1,0
DA:8,0
DA:9,0
DA:10,0
DA:13,0
DA:14,0
DA:16,0
DA:17,0
DA:18,0
DA:19,0
DA:21,0
DA:22,0
DA:23,0
DA:24,0
DA:25,0
DA:26,0
DA:27,0
DA:31,0
DA:32,0
DA:33,0
DA:34,0
DA:35,0
DA:39,0
DA:40,0
DA:41,0
DA:42,0
DA:43,0
DA:49,0
DA:50,0
DA:51,0
DA:53,0
DA:54,0
DA:57,0
DA:58,0
DA:61,0
LF:35
LH:0
BRDA:8,0,0,0
BRDA:14,1,0,0
BRDA:14,2,0,0
BRDA:14,2,1,0
BRDA:14,2,2,0
BRDA:18,3,0,0
BRDA:18,3,1,0
BRDA:32,4,0,0
BRDA:32,5,0,0
BRDA:32,5,1,0
BRDA:34,6,0,0
BRDA:34,6,1,0
BRDA:35,7,0,0
BRDA:35,7,1,0
BRDA:40,8,0,0
BRDA:40,9,0,0
BRDA:40,9,1,0
BRDA:51,10,0,0
BRF:18
BRH:0
end_of_record
TN:
SF:src/core/hooks/useLessonProgress.ts
FN:36,migrateBeatflowProgress
FN:52,(anonymous_1)
FN:82,(anonymous_2)
FN:100,(anonymous_3)
FN:115,areSetsEqual
FN:121,(anonymous_5)
FN:127,(anonymous_6)
FN:135,(anonymous_7)
FN:139,(anonymous_8)
FN:140,(anonymous_9)
FN:159,(anonymous_10)
FN:170,(anonymous_11)
FN:176,(anonymous_12)
FN:181,(anonymous_13)
FN:182,(anonymous_14)
FN:193,(anonymous_15)
FN:194,(anonymous_16)
FN:201,(anonymous_17)
FN:205,(anonymous_18)
FN:206,(anonymous_19)
FN:209,(anonymous_20)
FN:213,(anonymous_21)
FN:218,(anonymous_22)
FN:223,(anonymous_23)
FN:245,(anonymous_24)
FN:249,(anonymous_25)
FN:255,(anonymous_26)
FNF:27
FNH:0
FNDA:0,migrateBeatflowProgress
FNDA:0,(anonymous_1)
FNDA:0,(anonymous_2)
FNDA:0,(anonymous_3)
FNDA:0,areSetsEqual
FNDA:0,(anonymous_5)
FNDA:0,(anonymous_6)
FNDA:0,(anonymous_7)
FNDA:0,(anonymous_8)
FNDA:0,(anonymous_9)
FNDA:0,(anonymous_10)
FNDA:0,(anonymous_11)
FNDA:0,(anonymous_12)
FNDA:0,(anonymous_13)
FNDA:0,(anonymous_14)
FNDA:0,(anonymous_15)
FNDA:0,(anonymous_16)
FNDA:0,(anonymous_17)
FNDA:0,(anonymous_18)
FNDA:0,(anonymous_19)
FNDA:0,(anonymous_20)
FNDA:0,(anonymous_21)
FNDA:0,(anonymous_22)
FNDA:0,(anonymous_23)
FNDA:0,(anonymous_24)
FNDA:0,(anonymous_25)
FNDA:0,(anonymous_26)
DA:1,1
DA:24,1
DA:37,0
DA:38,0
DA:39,0
DA:40,0
DA:41,0
DA:42,0
DA:43,0
DA:48,0
DA:52,1
DA:53,0
DA:54,0
DA:57,0
DA:58,0
DA:59,0
DA:60,0
DA:61,0
DA:63,0
DA:67,0
DA:68,0
DA:69,0
DA:70,0
DA:71,0
DA:74,0
DA:82,1
DA:83,0
DA:84,0
DA:85,0
DA:86,0
DA:96,0
DA:100,1
DA:107,0
DA:116,0
DA:117,0
DA:118,0
DA:121,1
DA:122,0
DA:123,0
DA:124,0
DA:125,0
DA:127,0
DA:128,0
DA:129,0
DA:130,0
DA:131,0
DA:132,0
DA:135,0
DA:136,0
DA:139,0
DA:140,0
DA:141,0
DA:142,0
DA:143,0
DA:144,0
DA:145,0
DA:151,0
DA:152,0
DA:153,0
DA:154,0
DA:159,0
DA:160,0
DA:161,0
DA:162,0
DA:163,0
DA:164,0
DA:167,0
DA:168,0
DA:170,0
DA:171,0
DA:172,0
DA:176,0
DA:177,0
DA:178,0
DA:181,0
DA:182,0
DA:183,0
DA:184,0
DA:185,0
DA:187,0
DA:189,0
DA:193,0
DA:194,0
DA:195,0
DA:196,0
DA:197,0
DA:201,0
DA:202,0
DA:205,0
DA:206,0
DA:209,0
DA:210,0
DA:213,0
DA:214,0
DA:215,0
DA:218,0
DA:219,0
DA:220,0
DA:223,0
DA:224,0
DA:225,0
DA:228,0
DA:245,1
DA:246,0
DA:249,1
DA:250,0
DA:251,0
DA:252,0
DA:255,1
DA:256,0
DA:257,0
DA:258,0
LF:112
LH:9
BRDA:37,0,0,0
BRDA:40,1,0,0
BRDA:44,2,0,0
BRDA:44,2,1,0
BRDA:45,3,0,0
BRDA:45,3,1,0
BRDA:53,4,0,0
BRDA:59,5,0,0
BRDA:68,6,0,0
BRDA:75,7,0,0
BRDA:75,7,1,0
BRDA:76,8,0,0
BRDA:76,8,1,0
BRDA:83,9,0,0
BRDA:89,10,0,0
BRDA:89,10,1,0
BRDA:90,11,0,0
BRDA:90,11,1,0
BRDA:116,12,0,0
BRDA:117,13,0,0
BRDA:131,14,0,0
BRDA:131,14,1,0
BRDA:132,15,0,0
BRDA:132,15,1,0
BRDA:141,16,0,0
BRDA:145,17,0,0
BRDA:146,18,0,0
BRDA:146,18,1,0
BRDA:146,18,2,0
BRDA:146,18,3,0
BRDA:146,18,4,0
BRDA:146,18,5,0
BRDA:153,19,0,0
BRDA:154,20,0,0
BRDA:163,21,0,0
BRDA:163,21,1,0
BRDA:164,22,0,0
BRDA:164,22,1,0
BRDA:184,23,0,0
BRDA:184,23,1,0
BRDA:218,24,0,0
BRDA:219,25,0,0
BRDA:223,26,0,0
BRDA:224,27,0,0
BRDA:249,28,0,0
BRDA:251,29,0,0
BRDA:255,30,0,0
BRDA:257,31,0,0
BRF:48
BRH:0
end_of_record
TN:
SF:src/core/hooks/useProgressPersistence.ts
FN:9,(anonymous_6)
FN:22,(anonymous_7)
FN:30,(anonymous_8)
FN:35,(anonymous_9)
FN:42,(anonymous_10)
FN:46,(anonymous_11)
FN:56,(anonymous_12)
FN:62,(anonymous_13)
FN:68,(anonymous_14)
FN:69,(anonymous_15)
FN:76,(anonymous_16)
FNF:11
FNH:0
FNDA:0,(anonymous_6)
FNDA:0,(anonymous_7)
FNDA:0,(anonymous_8)
FNDA:0,(anonymous_9)
FNDA:0,(anonymous_10)
FNDA:0,(anonymous_11)
FNDA:0,(anonymous_12)
FNDA:0,(anonymous_13)
FNDA:0,(anonymous_14)
FNDA:0,(anonymous_15)
FNDA:0,(anonymous_16)
DA:1,0
DA:9,0
DA:10,0
DA:11,0
DA:12,0
DA:13,0
DA:14,0
DA:19,0
DA:22,0
DA:23,0
DA:24,0
DA:30,0
DA:31,0
DA:32,0
DA:35,0
DA:36,0
DA:37,0
DA:38,0
DA:42,0
DA:43,0
DA:46,0
DA:47,0
DA:48,0
DA:49,0
DA:51,0
DA:53,0
DA:56,0
DA:57,0
DA:58,0
DA:59,0
DA:62,0
DA:63,0
DA:64,0
DA:68,0
DA:69,0
DA:70,0
DA:71,0
DA:75,0
DA:76,0
DA:77,0
DA:79,0
LF:41
LH:0
BRDA:10,0,0,0
BRDA:12,1,0,0
BRDA:15,2,0,0
BRDA:15,2,1,0
BRDA:16,3,0,0
BRDA:16,3,1,0
BRDA:23,4,0,0
BRDA:48,5,0,0
BRDA:48,5,1,0
BRDA:63,6,0,0
BRDA:70,7,0,0
BRF:11
BRH:0
end_of_record
TN:
SF:src/core/lib/utils.ts
FN:4,cn
FNF:1
FNH:1
FNDA:33,cn
DA:1,8
DA:2,8
DA:4,8
DA:5,33
LF:4
LH:4
BRF:0
BRH:0
end_of_record
TN:
SF:src/core/pages/BeatLabPage.tsx
FN:16,(anonymous_0)
FN:47,(anonymous_1)
FNF:2
FNH:0
FNDA:0,(anonymous_0)
FNDA:0,(anonymous_1)
DA:1,0
DA:2,0
DA:3,0
DA:4,0
DA:5,0
DA:6,0
DA:16,0
DA:17,0
DA:19,0
DA:47,0
DA:64,0
LF:11
LH:0
BRDA:50,0,0,0
BRDA:50,0,1,0
BRF:2
BRH:0
end_of_record
TN:
SF:src/core/pages/CoupledLabPage.tsx
FN:12,(anonymous_0)
FNF:1
FNH:0
FNDA:0,(anonymous_0)
DA:1,0
DA:2,0
DA:3,0
DA:4,0
DA:5,0
DA:6,0
DA:12,0
DA:13,0
DA:14,0
DA:15,0
DA:17,0
DA:57,0
LF:12
LH:0
BRF:0
BRH:0
end_of_record
TN:
SF:src/core/pages/Course.tsx
FN:3,Course
FNF:1
FNH:0
FNDA:0,Course
DA:1,0
DA:3,0
DA:4,0
LF:3
LH:0
BRF:0
BRH:0
end_of_record
TN:
SF:src/core/pages/Experience.tsx
FN:7,(anonymous_0)
FNF:1
FNH:0
FNDA:0,(anonymous_0)
DA:1,0
DA:2,0
DA:3,0
DA:4,0
DA:5,0
DA:7,0
DA:8,0
DA:28,0
LF:8
LH:0
BRF:0
BRH:0
end_of_record
TN:
SF:src/core/pages/Index.tsx
FN:5,(anonymous_0)
FNF:1
FNH:1
FNDA:5,(anonymous_0)
DA:1,1
DA:2,1
DA:5,1
DA:6,5
DA:17,1
LF:5
LH:5
BRF:0
BRH:0
end_of_record
TN:
SF:src/core/pages/InteractiveGallery.tsx
FN:26,(anonymous_6)
FN:37,(anonymous_7)
FN:38,(anonymous_8)
FN:40,(anonymous_9)
FN:64,(anonymous_10)
FN:71,(anonymous_11)
FN:72,(anonymous_12)
FN:79,(anonymous_13)
FN:81,(anonymous_14)
FN:82,(anonymous_15)
FN:83,(anonymous_16)
FN:85,(anonymous_17)
FN:98,(anonymous_18)
FN:142,(anonymous_19)
FN:147,(anonymous_20)
FN:167,(anonymous_21)
FN:175,(anonymous_22)
FN:230,(anonymous_23)
FN:243,(anonymous_24)
FNF:19
FNH:0
FNDA:0,(anonymous_6)
FNDA:0,(anonymous_7)
FNDA:0,(anonymous_8)
FNDA:0,(anonymous_9)
FNDA:0,(anonymous_10)
FNDA:0,(anonymous_11)
FNDA:0,(anonymous_12)
FNDA:0,(anonymous_13)
FNDA:0,(anonymous_14)
FNDA:0,(anonymous_15)
FNDA:0,(anonymous_16)
FNDA:0,(anonymous_17)
FNDA:0,(anonymous_18)
FNDA:0,(anonymous_19)
FNDA:0,(anonymous_20)
FNDA:0,(anonymous_21)
FNDA:0,(anonymous_22)
FNDA:0,(anonymous_23)
FNDA:0,(anonymous_24)
DA:1,0
DA:2,0
DA:3,0
DA:4,0
DA:5,0
DA:6,0
DA:7,0
DA:8,0
DA:26,0
DA:27,0
DA:29,0
DA:31,0
DA:33,0
DA:37,0
DA:38,0
DA:40,0
DA:41,0
DA:42,0
DA:44,0
DA:62,0
DA:64,0
DA:71,0
DA:72,0
DA:73,0
DA:74,0
DA:77,0
DA:79,0
DA:81,0
DA:82,0
DA:83,0
DA:85,0
DA:86,0
DA:88,0
DA:90,0
DA:92,0
DA:94,0
DA:98,0
DA:99,0
DA:101,0
DA:103,0
DA:124,0
DA:143,0
DA:147,0
DA:168,0
DA:175,0
DA:231,0
DA:244,0
DA:335,0
LF:48
LH:0
BRDA:27,0,0,0
BRDA:27,0,1,0
BRDA:27,0,2,0
BRDA:42,1,0,0
BRDA:42,1,1,0
BRDA:49,2,0,0
BRDA:49,2,1,0
BRDA:55,3,0,0
BRDA:55,3,1,0
BRDA:73,4,0,0
BRDA:73,4,1,0
BRDA:77,5,0,0
BRDA:77,5,1,0
BRDA:86,6,0,0
BRDA:86,6,1,0
BRDA:86,6,2,0
BRDA:86,6,3,0
BRDA:99,7,0,0
BRDA:145,8,0,0
BRDA:145,8,1,0
BRDA:171,9,0,0
BRDA:171,9,1,0
BRDA:210,10,0,0
BRDA:210,10,1,0
BRF:24
BRH:0
end_of_record
TN:
SF:src/core/pages/LessonPage.tsx
FN:7,(anonymous_0)
FN:16,(anonymous_1)
FN:17,(anonymous_2)
FNF:3
FNH:0
FNDA:0,(anonymous_0)
FNDA:0,(anonymous_1)
FNDA:0,(anonymous_2)
DA:1,0
DA:2,0
DA:3,0
DA:4,0
DA:7,0
DA:8,0
DA:9,0
DA:10,0
DA:11,0
DA:13,0
DA:14,0
DA:16,0
DA:17,0
DA:18,0
DA:19,0
DA:20,0
DA:24,0
DA:25,0
DA:27,0
DA:28,0
DA:29,0
DA:31,0
DA:35,0
DA:38,0
DA:39,0
DA:41,0
DA:42,0
DA:43,0
DA:45,0
DA:54,0
LF:30
LH:0
BRDA:13,0,0,0
BRDA:13,0,1,0
BRDA:24,1,0,0
BRDA:24,1,1,0
BRDA:38,2,0,0
BRDA:39,3,0,0
BRDA:42,4,0,0
BRDA:42,4,1,0
BRDA:43,5,0,0
BRDA:43,5,1,0
BRF:10
BRH:0
end_of_record
TN:
SF:src/core/pages/ModuleDetail.tsx
FN:10,ModuleDetail
FN:14,(anonymous_1)
FN:15,(anonymous_2)
FN:37,(anonymous_3)
FN:48,(anonymous_4)
FN:79,(anonymous_5)
FN:135,(anonymous_6)
FN:177,(anonymous_7)
FN:189,(anonymous_8)
FNF:9
FNH:0
FNDA:0,ModuleDetail
FNDA:0,(anonymous_1)
FNDA:0,(anonymous_2)
FNDA:0,(anonymous_3)
FNDA:0,(anonymous_4)
FNDA:0,(anonymous_5)
FNDA:0,(anonymous_6)
FNDA:0,(anonymous_7)
FNDA:0,(anonymous_8)
DA:1,0
DA:2,0
DA:3,0
DA:4,0
DA:5,0
DA:6,0
DA:7,0
DA:8,0
DA:10,0
DA:11,0
DA:12,0
DA:13,0
DA:14,0
DA:15,0
DA:18,0
DA:29,0
DA:30,0
DA:32,0
DA:33,0
DA:37,0
DA:43,0
DA:48,0
DA:137,0
DA:138,0
DA:139,0
DA:142,0
DA:144,0
DA:146,0
DA:149,0
DA:155,0
DA:160,0
DA:178,0
DA:190,0
DA:191,0
LF:34
LH:0
BRDA:15,0,0,0
BRDA:15,0,1,0
BRDA:15,1,0,0
BRDA:15,1,1,0
BRDA:29,2,0,0
BRDA:29,2,1,0
BRDA:30,3,0,0
BRDA:30,3,1,0
BRDA:32,4,0,0
BRDA:56,5,0,0
BRDA:56,5,1,0
BRDA:56,6,0,0
BRDA:56,6,1,0
BRDA:63,7,0,0
BRDA:63,7,1,0
BRDA:63,7,2,0
BRDA:83,8,0,0
BRDA:83,8,1,0
BRDA:138,9,0,0
BRDA:138,9,1,0
BRDA:139,10,0,0
BRDA:142,11,0,0
BRDA:144,12,0,0
BRDA:146,13,0,0
BRDA:149,14,0,0
BRDA:149,14,1,0
BRDA:151,15,0,0
BRDA:151,15,1,0
BRDA:155,16,0,0
BRDA:155,16,1,0
BRDA:157,17,0,0
BRDA:157,17,1,0
BRDA:189,18,0,0
BRDA:189,18,1,0
BRF:34
BRH:0
end_of_record
TN:
SF:src/core/pages/ModulePage.tsx
FN:13,(anonymous_0)
FN:15,(anonymous_1)
FN:20,(anonymous_2)
FN:21,(anonymous_3)
FN:24,(anonymous_4)
FN:41,(anonymous_5)
FN:47,(anonymous_6)
FN:50,(anonymous_7)
FN:53,(anonymous_8)
FN:55,(anonymous_9)
FN:108,(anonymous_10)
FNF:11
FNH:0
FNDA:0,(anonymous_0)
FNDA:0,(anonymous_1)
FNDA:0,(anonymous_2)
FNDA:0,(anonymous_3)
FNDA:0,(anonymous_4)
FNDA:0,(anonymous_5)
FNDA:0,(anonymous_6)
FNDA:0,(anonymous_7)
FNDA:0,(anonymous_8)
FNDA:0,(anonymous_9)
FNDA:0,(anonymous_10)
DA:1,0
DA:2,0
DA:3,0
DA:4,0
DA:5,0
DA:6,0
DA:7,0
DA:8,0
DA:9,0
DA:10,0
DA:13,0
DA:14,0
DA:15,0
DA:16,0
DA:17,0
DA:20,0
DA:21,0
DA:24,0
DA:27,0
DA:28,0
DA:29,0
DA:30,0
DA:31,0
DA:32,0
DA:33,0
DA:34,0
DA:35,0
DA:36,0
DA:38,0
DA:41,0
DA:42,0
DA:43,0
DA:44,0
DA:45,0
DA:47,0
DA:48,0
DA:50,0
DA:51,0
DA:52,0
DA:53,0
DA:54,0
DA:55,0
DA:56,0
DA:57,0
DA:60,0
DA:70,0
DA:72,0
DA:73,0
DA:77,0
DA:80,0
DA:82,0
DA:108,0
DA:127,0
LF:53
LH:0
BRDA:27,0,0,0
BRDA:29,1,0,0
BRDA:30,2,0,0
BRDA:31,3,0,0
BRDA:32,4,0,0
BRDA:33,5,0,0
BRDA:34,6,0,0
BRDA:35,7,0,0
BRDA:36,8,0,0
BRDA:45,9,0,0
BRDA:45,9,1,0
BRDA:48,10,0,0
BRDA:54,11,0,0
BRDA:57,12,0,0
BRDA:57,12,1,0
BRDA:63,13,0,0
BRDA:63,13,1,0
BRDA:66,14,0,0
BRDA:66,14,1,0
BRDA:66,14,2,0
BRDA:80,15,0,0
BRDA:89,16,0,0
BRDA:89,16,1,0
BRDA:101,17,0,0
BRDA:101,17,1,0
BRDA:104,18,0,0
BRDA:104,18,1,0
BRDA:107,19,0,0
BRDA:107,19,1,0
BRF:29
BRH:0
end_of_record
TN:
SF:src/core/pages/NotFound.tsx
FN:4,(anonymous_0)
FN:7,(anonymous_1)
FNF:2
FNH:0
FNDA:0,(anonymous_0)
FNDA:0,(anonymous_1)
DA:1,0
DA:2,0
DA:4,0
DA:5,0
DA:7,0
DA:8,0
DA:14,0
DA:27,0
LF:8
LH:0
BRF:0
BRH:0
end_of_record
TN:
SF:src/core/pages/StoryPage.tsx
FN:10,(anonymous_0)
FNF:1
FNH:0
FNDA:0,(anonymous_0)
DA:1,0
DA:2,0
DA:3,0
DA:10,0
DA:11,0
DA:12,0
DA:13,0
DA:15,0
DA:16,0
DA:26,0
DA:29,0
LF:11
LH:0
BRDA:12,0,0,0
BRDA:12,0,1,0
BRDA:15,1,0,0
BRF:3
BRH:0
end_of_record
TN:
SF:src/core/pages/Tier2Gallery.tsx
FN:20,(anonymous_6)
FN:48,(anonymous_7)
FN:455,(anonymous_8)
FN:516,(anonymous_9)
FN:521,(anonymous_10)
FN:538,(anonymous_11)
FN:543,(anonymous_12)
FN:563,(anonymous_13)
FN:568,(anonymous_14)
FN:568,(anonymous_15)
FN:581,(anonymous_16)
FN:583,(anonymous_17)
FN:636,(anonymous_18)
FNF:13
FNH:0
FNDA:0,(anonymous_6)
FNDA:0,(anonymous_7)
FNDA:0,(anonymous_8)
FNDA:0,(anonymous_9)
FNDA:0,(anonymous_10)
FNDA:0,(anonymous_11)
FNDA:0,(anonymous_12)
FNDA:0,(anonymous_13)
FNDA:0,(anonymous_14)
FNDA:0,(anonymous_15)
FNDA:0,(anonymous_16)
FNDA:0,(anonymous_17)
FNDA:0,(anonymous_18)
DA:1,0
DA:2,0
DA:3,0
DA:4,0
DA:5,0
DA:6,0
DA:20,0
DA:21,0
DA:22,0
DA:23,0
DA:25,0
DA:38,0
DA:46,0
DA:48,0
DA:64,0
DA:117,0
DA:215,0
DA:299,0
DA:455,0
DA:456,0
DA:458,0
DA:466,0
DA:474,0
DA:482,0
DA:490,0
DA:494,0
DA:517,0
DA:521,0
DA:539,0
DA:543,0
DA:563,0
DA:568,0
DA:581,0
DA:583,0
DA:637,0
DA:693,0
LF:36
LH:0
BRDA:456,0,0,0
BRDA:456,0,1,0
BRDA:456,0,2,0
BRDA:456,0,3,0
BRDA:456,0,4,0
BRDA:519,1,0,0
BRDA:519,1,1,0
BRDA:541,2,0,0
BRDA:541,2,1,0
BRDA:562,3,0,0
BRDA:562,3,1,0
BRDA:565,4,0,0
BRDA:565,4,1,0
BRDA:585,5,0,0
BRDA:585,5,1,0
BRF:15
BRH:0
end_of_record
TN:
SF:src/core/pages/WorldMapPage.tsx
FN:23,(anonymous_0)
FN:24,(anonymous_1)
FN:25,(anonymous_2)
FN:27,(anonymous_3)
FN:31,(anonymous_4)
FN:45,(anonymous_5)
FN:46,(anonymous_6)
FN:47,(anonymous_7)
FN:48,(anonymous_8)
FN:70,(anonymous_9)
FNF:10
FNH:0
FNDA:0,(anonymous_0)
FNDA:0,(anonymous_1)
FNDA:0,(anonymous_2)
FNDA:0,(anonymous_3)
FNDA:0,(anonymous_4)
FNDA:0,(anonymous_5)
FNDA:0,(anonymous_6)
FNDA:0,(anonymous_7)
FNDA:0,(anonymous_8)
FNDA:0,(anonymous_9)
DA:1,0
DA:2,0
DA:3,0
DA:4,0
DA:5,0
DA:6,0
DA:7,0
DA:8,0
DA:21,0
DA:23,0
DA:24,0
DA:25,0
DA:26,0
DA:27,0
DA:29,0
DA:30,0
DA:31,0
DA:32,0
DA:45,0
DA:46,0
DA:47,0
DA:48,0
DA:50,0
DA:71,0
DA:74,0
DA:75,0
DA:77,0
DA:130,0
LF:28
LH:0
BRDA:27,0,0,0
BRDA:27,0,1,0
BRDA:29,1,0,0
BRDA:29,1,1,0
BRDA:38,2,0,0
BRDA:38,2,1,0
BRDA:39,3,0,0
BRDA:39,3,1,0
BRDA:48,4,0,0
BRDA:48,4,1,0
BRDA:71,5,0,0
BRDA:71,5,1,0
BRDA:75,6,0,0
BRDA:75,6,1,0
BRDA:83,7,0,0
BRDA:83,7,1,0
BRDA:100,8,0,0
BRDA:100,8,1,0
BRDA:103,9,0,0
BRDA:103,9,1,0
BRDA:103,9,2,0
BRF:21
BRH:0
end_of_record
TN:
SF:src/core/theme/InteractiveFrame.tsx
FN:18,(anonymous_0)
FN:19,(anonymous_1)
FNF:2
FNH:2
FNDA:2,(anonymous_0)
FNDA:12,(anonymous_1)
DA:2,1
DA:3,1
DA:4,1
DA:18,1
DA:19,12
DA:21,2
LF:6
LH:6
BRDA:31,0,0,2
BRDA:31,0,1,1
BRDA:31,0,2,0
BRDA:35,1,0,2
BRDA:35,1,1,1
BRF:5
BRH:4
end_of_record
TN:
SF:src/interactive/InteractiveShell.tsx
FN:15,InteractiveShell
FNF:1
FNH:1
FNDA:2,InteractiveShell
DA:2,1
DA:3,1
DA:15,1
DA:16,2
DA:23,1
LF:5
LH:5
BRF:0
BRH:0
end_of_record
TN:
SF:src/interactive/interactiveTheme.ts
FNF:0
FNH:0
DA:5,3
DA:32,3
LF:2
LH:2
BRF:0
BRH:0
end_of_record
TN:
SF:src/interactive/demos/demo_registry.ts
FN:556,getDoComponentKey
FN:560,(anonymous_2)
FN:561,(anonymous_3)
FN:564,(anonymous_4)
FN:565,(anonymous_5)
FN:568,(anonymous_6)
FN:569,(anonymous_7)
FN:572,(anonymous_8)
FN:573,(anonymous_9)
FN:576,(anonymous_10)
FN:577,(anonymous_11)
FNF:11
FNH:7
FNDA:29,getDoComponentKey
FNDA:10,(anonymous_2)
FNDA:290,(anonymous_3)
FNDA:1,(anonymous_4)
FNDA:1,(anonymous_5)
FNDA:2,(anonymous_6)
FNDA:58,(anonymous_7)
FNDA:0,(anonymous_8)
FNDA:0,(anonymous_9)
FNDA:0,(anonymous_10)
FNDA:0,(anonymous_11)
DA:2,1
DA:3,1
DA:4,1
DA:5,1
DA:6,1
DA:7,1
DA:8,1
DA:9,1
DA:10,1
DA:11,1
DA:12,1
DA:13,1
DA:14,1
DA:15,1
DA:16,1
DA:17,1
DA:18,1
DA:19,1
DA:20,1
DA:21,1
DA:22,1
DA:23,1
DA:24,1
DA:25,1
DA:26,1
DA:27,1
DA:28,1
DA:29,1
DA:30,1
DA:49,1
DA:549,1
DA:556,1
DA:557,29
DA:560,1
DA:561,290
DA:564,1
DA:565,1
DA:568,1
DA:569,58
DA:572,1
DA:573,0
DA:576,1
DA:577,0
LF:43
LH:41
BRDA:557,0,0,29
BRDA:557,0,1,26
BRF:2
BRH:2
end_of_record
TN:
SF:src/interactive/utils/canvasArrow.ts
FN:5,drawVectorArrow
FNF:1
FNH:1
FNDA:4,drawVectorArrow
DA:5,2
DA:15,4
DA:16,4
DA:17,4
DA:18,4
DA:20,3
DA:21,3
DA:22,3
DA:23,3
DA:25,3
DA:26,3
DA:27,3
DA:28,3
DA:30,3
DA:31,3
DA:32,3
DA:33,3
DA:34,3
DA:35,3
DA:37,3
DA:39,3
DA:40,3
DA:41,3
DA:42,3
DA:43,3
DA:45,3
DA:46,1
DA:49,3
DA:50,2
DA:51,2
DA:52,2
DA:53,2
DA:56,3
DA:57,3
DA:58,3
DA:59,3
DA:60,3
DA:61,3
DA:62,3
DA:64,3
LF:40
LH:40
BRDA:12,0,0,1
BRDA:18,1,0,1
BRDA:45,2,0,1
BRDA:49,3,0,2
BRF:4
BRH:4
end_of_record
TN:
SF:src/interactive/utils/canvasTheme.ts
FNF:0
FNH:0
DA:1,1
DA:4,1
DA:5,1
DA:6,1
DA:7,1
LF:5
LH:5
BRF:0
BRH:0
end_of_record
TN:
SF:src/utils/characterData.ts
FN:199,(anonymous_0)
FNF:1
FNH:1
FNDA:30,(anonymous_0)
DA:1,3
DA:3,3
DA:198,3
DA:199,30
LF:4
LH:4
BRF:0
BRH:0
end_of_record
TN:
SF:src/utils/characterVoices.ts
FN:37,getCharacterVoice
FNF:1
FNH:0
FNDA:0,getCharacterVoice
DA:1,0
DA:30,0
DA:32,0
DA:37,0
DA:38,0
DA:39,0
LF:6
LH:0
BRDA:38,0,0,0
BRDA:39,1,0,0
BRDA:39,1,1,0
BRF:3
BRH:0
end_of_record
TN:
SF:src/utils/lessonData.ts
FN:16,ensureInitialized
FN:24,initializeAllModules
FN:25,(anonymous_2)
FN:44,(anonymous_3)
FN:53,getLessonOrderForModule
FN:62,getLessonDataForModule
FN:71,getLessonOrderForModuleAsync
FN:75,getLessonDataForModuleAsync
FNF:8
FNH:1
FNDA:0,ensureInitialized
FNDA:0,initializeAllModules
FNDA:0,(anonymous_2)
FNDA:0,(anonymous_3)
FNDA:5,getLessonOrderForModule
FNDA:0,getLessonDataForModule
FNDA:0,getLessonOrderForModuleAsync
FNDA:0,getLessonDataForModuleAsync
DA:2,1
DA:12,1
DA:13,1
DA:17,0
DA:18,0
DA:19,0
DA:25,0
DA:26,0
DA:27,0
DA:28,0
DA:29,0
DA:30,0
DA:33,0
DA:37,0
DA:43,1
DA:45,0
DA:46,0
DA:47,0
DA:49,0
DA:53,1
DA:54,5
DA:55,5
DA:56,5
DA:58,0
DA:59,0
DA:62,1
DA:63,0
DA:64,0
DA:65,0
DA:67,0
DA:71,1
DA:72,0
DA:75,1
DA:76,0
DA:80,1
DA:83,1
DA:84,0
LF:37
LH:13
BRDA:17,0,0,0
BRDA:29,1,0,0
BRDA:45,2,0,0
BRDA:49,3,0,0
BRDA:49,3,1,0
BRDA:54,4,0,5
BRDA:59,5,0,0
BRDA:59,5,1,0
BRDA:63,6,0,0
BRDA:83,7,0,0
BRDA:83,8,0,1
BRDA:83,8,1,1
BRF:12
BRH:3
end_of_record
TN:
SF:src/utils/lessonDataSync.ts
FN:12,preloadLessonData
FN:13,(anonymous_7)
FN:16,(anonymous_8)
FN:30,getModuleLessonsSync
FN:37,getLessonOrderForModuleSync
FN:45,getLessonDataForModuleSync
FNF:6
FNH:0
FNDA:0,preloadLessonData
FNDA:0,(anonymous_7)
FNDA:0,(anonymous_8)
FNDA:0,getModuleLessonsSync
FNDA:0,getLessonOrderForModuleSync
FNDA:0,getLessonDataForModuleSync
DA:7,0
DA:12,0
DA:13,0
DA:16,0
DA:17,0
DA:18,0
DA:19,0
DA:20,0
DA:24,0
DA:30,0
DA:31,0
DA:37,0
DA:38,0
DA:39,0
DA:45,0
DA:46,0
DA:52,0
LF:17
LH:0
BRDA:19,0,0,0
BRDA:31,1,0,0
BRDA:31,1,1,0
BRDA:39,2,0,0
BRDA:39,2,1,0
BRF:5
BRH:0
end_of_record
TN:
SF:src/utils/lessonLoader.ts
FN:17,loadLesson
FN:27,(anonymous_7)
FN:43,loadModuleIndex
FN:50,(anonymous_9)
FN:66,loadModuleLessons
FN:75,(anonymous_11)
FN:90,getLessonOrderForModule
FN:98,getLessonDataForModule
FN:106,preloadAllModules
FN:107,(anonymous_15)
FN:110,(anonymous_16)
FN:117,clearLessonCache
FNF:12
FNH:0
FNDA:0,loadLesson
FNDA:0,(anonymous_7)
FNDA:0,loadModuleIndex
FNDA:0,(anonymous_9)
FNDA:0,loadModuleLessons
FNDA:0,(anonymous_11)
FNDA:0,getLessonOrderForModule
FNDA:0,getLessonDataForModule
FNDA:0,preloadAllModules
FNDA:0,(anonymous_15)
FNDA:0,(anonymous_16)
FNDA:0,clearLessonCache
DA:11,1
DA:12,1
DA:17,1
DA:18,0
DA:21,0
DA:22,0
DA:25,0
DA:27,0
DA:28,0
DA:31,0
DA:33,0
DA:35,0
DA:36,0
DA:43,1
DA:45,0
DA:46,0
DA:49,0
DA:50,0
DA:51,0
DA:54,0
DA:56,0
DA:58,0
DA:59,0
DA:66,1
DA:67,0
DA:68,0
DA:69,0
DA:72,0
DA:75,0
DA:76,0
DA:77,0
DA:78,0
DA:82,0
DA:84,0
DA:90,1
DA:91,0
DA:92,0
DA:98,1
DA:99,0
DA:100,0
DA:106,1
DA:107,0
DA:109,0
DA:110,0
DA:117,1
DA:118,0
DA:119,0
LF:47
LH:9
BRDA:21,0,0,0
BRDA:45,1,0,0
BRDA:68,2,0,0
BRDA:77,3,0,0
BRDA:92,4,0,0
BRDA:92,4,1,0
BRDA:100,5,0,0
BRDA:100,5,1,0
BRF:8
BRH:0
end_of_record
TN:
SF:src/utils/modulesData.ts
FN:4,getModuleColor
FN:5,(anonymous_1)
FNF:2
FNH:2
FNDA:10,getModuleColor
FNDA:55,(anonymous_1)
DA:1,1
DA:2,1
DA:5,55
DA:6,10
DA:9,1
LF:5
LH:5
BRDA:5,0,0,55
BRDA:5,0,1,45
BRDA:6,1,0,10
BRDA:6,1,1,0
BRF:4
BRH:3
end_of_record
TN:
SF:src/utils/theme.ts
FN:48,getCharacterColor
FN:55,(anonymous_1)
FN:70,getCharacterTheme
FN:75,getCharacterGradient
FNF:4
FNH:4
FNDA:32,getCharacterColor
FNDA:40,(anonymous_1)
FNDA:14,getCharacterTheme
FNDA:2,getCharacterGradient
DA:20,4
DA:35,4
DA:48,4
DA:49,32
DA:52,4
DA:56,40
DA:57,40
DA:58,40
DA:65,40
DA:70,4
DA:71,14
DA:72,3
DA:75,4
DA:76,2
LF:14
LH:14
BRDA:49,0,0,32
BRDA:49,0,1,1
BRDA:71,1,0,11
BRDA:71,2,0,14
BRDA:71,2,1,12
BRF:5
BRH:5
end_of_record
